2014-08-25T20:37:09+00:00 ERR (3): 
exception 'Mage_Core_Exception' with message 'Invalid block type: ' in /Users/Gert/Documents/gitProjects/koket/KoketSite/app/Mage.php:595
Stack trace:
#0 /Users/Gert/Documents/gitProjects/koket/KoketSite/includes/src/__default.php(27745): Mage::throwException('Invalid block t...')
#1 /Users/Gert/Documents/gitProjects/koket/KoketSite/includes/src/__default.php(27687): Mage_Core_Model_Layout->_getBlockInstance('', Array)
#2 /Users/Gert/Documents/gitProjects/koket/KoketSite/includes/src/__default.php(27722): Mage_Core_Model_Layout->createBlock('', 'left')
#3 /Users/Gert/Documents/gitProjects/koket/KoketSite/includes/src/__default.php(27489): Mage_Core_Model_Layout->addBlock('', 'left')
#4 /Users/Gert/Documents/gitProjects/koket/KoketSite/includes/src/__default.php(27455): Mage_Core_Model_Layout->_generateBlock(Object(Mage_Core_Model_Layout_Element), Object(Mage_Core_Model_Layout_Element))
#5 /Users/Gert/Documents/gitProjects/koket/KoketSite/includes/src/__default.php(13896): Mage_Core_Model_Layout->generateBlocks()
#6 /Users/Gert/Documents/gitProjects/koket/KoketSite/includes/src/__default.php(13821): Mage_Core_Controller_Varien_Action->generateLayoutBlocks()
#7 /Users/Gert/Documents/gitProjects/koket/KoketSite/includes/src/Mage_Adminhtml_Controller_Action.php(275): Mage_Core_Controller_Varien_Action->loadLayout(NULL, true, true)
#8 /Users/Gert/Documents/gitProjects/koket/KoketSite/app/code/local/Magestore/RewardPointsReferFriends/controllers/Adminhtml/RewardpointsreferfriendsController.php(80): Mage_Adminhtml_Controller_Action->loadLayout()
#9 /Users/Gert/Documents/gitProjects/koket/KoketSite/includes/src/__default.php(13970): Magestore_RewardPointsReferFriends_Adminhtml_RewardpointsreferfriendsController->editAction()
#10 /Users/Gert/Documents/gitProjects/koket/KoketSite/includes/src/__default.php(18332): Mage_Core_Controller_Varien_Action->dispatch('edit')
#11 /Users/Gert/Documents/gitProjects/koket/KoketSite/includes/src/__default.php(17866): Mage_Core_Controller_Varien_Router_Standard->match(Object(Mage_Core_Controller_Request_Http))
#12 /Users/Gert/Documents/gitProjects/koket/KoketSite/includes/src/__default.php(20466): Mage_Core_Controller_Varien_Front->dispatch()
#13 /Users/Gert/Documents/gitProjects/koket/KoketSite/app/Mage.php(684): Mage_Core_Model_App->run(Array)
#14 /Users/Gert/Documents/gitProjects/koket/KoketSite/index.php(89): Mage::run('', 'store')
#15 {main}
2014-08-25T20:46:38+00:00 ERR (3): 
exception 'Exception' with message 'Warning: include(/Users/Gert/Documents/gitProjects/koket/KoketSite/includes/src/Qian_Bxgy_Helper_Event.php): failed to open stream: No such file or directory  in /Users/Gert/Documents/gitProjects/koket/KoketSite/includes/src/Varien_Autoload.php on line 93' in /Users/Gert/Documents/gitProjects/koket/KoketSite/includes/src/Mage_Core_functions.php:245
Stack trace:
#0 /Users/Gert/Documents/gitProjects/koket/KoketSite/includes/src/Varien_Autoload.php(93): mageCoreErrorHandler(2, 'include(/Users/...', '/Users/Gert/Doc...', 93, Array)
#1 /Users/Gert/Documents/gitProjects/koket/KoketSite/includes/src/Varien_Autoload.php(93): Varien_Autoload::autoload()
#2 [internal function]: Varien_Autoload->autoload('Qian_Bxgy_Helpe...')
#3 [internal function]: spl_autoload_call('Qian_Bxgy_Helpe...')
#4 /Users/Gert/Documents/gitProjects/koket/KoketSite/includes/src/__default.php(23840): class_exists('Qian_Bxgy_Helpe...')
#5 /Users/Gert/Documents/gitProjects/koket/KoketSite/app/Mage.php(463): Mage_Core_Model_Config->getModelInstance('Qian_Bxgy_Helpe...', Array)
#6 /Users/Gert/Documents/gitProjects/koket/KoketSite/app/Mage.php(477): Mage::getModel('Qian_Bxgy_Helpe...', Array)
#7 /Users/Gert/Documents/gitProjects/koket/KoketSite/includes/src/__default.php(21428): Mage::getSingleton('Qian_Bxgy_Helpe...')
#8 /Users/Gert/Documents/gitProjects/koket/KoketSite/app/Mage.php(448): Mage_Core_Model_App->dispatchEvent('salesrule_valid...', Array)
#9 /Users/Gert/Documents/gitProjects/koket/KoketSite/includes/src/Mage_SalesRule_Model_Validator.php(452): Mage::dispatchEvent('salesrule_valid...', Array)
#10 /Users/Gert/Documents/gitProjects/koket/KoketSite/includes/src/Mage_SalesRule_Model_Quote_Discount.php(106): Mage_SalesRule_Model_Validator->process(Object(Mage_Sales_Model_Quote_Item))
#11 /Users/Gert/Documents/gitProjects/koket/KoketSite/includes/src/Mage_Sales_Model_Quote_Address.php(1013): Mage_SalesRule_Model_Quote_Discount->collect(Object(Mage_Sales_Model_Quote_Address))
#12 /Users/Gert/Documents/gitProjects/koket/KoketSite/includes/src/Mage_Sales_Model_Quote.php(1331): Mage_Sales_Model_Quote_Address->collectTotals()
#13 /Users/Gert/Documents/gitProjects/koket/KoketSite/includes/src/Mage_ManualCardPayment_Model_Quote.php(46): Mage_Sales_Model_Quote->collectTotals()
#14 /Users/Gert/Documents/gitProjects/koket/KoketSite/includes/src/__default.php(10267): Mage_ManualCardPayment_Model_Quote->collectTotals()
#15 /Users/Gert/Documents/gitProjects/koket/KoketSite/app/code/local/Excellence/Ajax/controllers/IndexController.php(35): Mage_Checkout_Model_Cart->save()
#16 /Users/Gert/Documents/gitProjects/koket/KoketSite/includes/src/__default.php(13970): Excellence_Ajax_IndexController->addAction()
#17 /Users/Gert/Documents/gitProjects/koket/KoketSite/includes/src/__default.php(18332): Mage_Core_Controller_Varien_Action->dispatch('add')
#18 /Users/Gert/Documents/gitProjects/koket/KoketSite/includes/src/BalkeTechnologies_StoreMaintenance_Controller_Router_Standard.php(110): Mage_Core_Controller_Varien_Router_Standard->match(Object(Mage_Core_Controller_Request_Http))
#19 /Users/Gert/Documents/gitProjects/koket/KoketSite/includes/src/__default.php(17866): BalkeTechnologies_StoreMaintenance_Controller_Router_Standard->match(Object(Mage_Core_Controller_Request_Http))
#20 /Users/Gert/Documents/gitProjects/koket/KoketSite/includes/src/__default.php(20466): Mage_Core_Controller_Varien_Front->dispatch()
#21 /Users/Gert/Documents/gitProjects/koket/KoketSite/app/Mage.php(684): Mage_Core_Model_App->run(Array)
#22 /Users/Gert/Documents/gitProjects/koket/KoketSite/index.php(89): Mage::run('', 'store')
#23 {main}
2014-10-15T19:22:59+00:00 ERR (3): 
exception 'Mage_Core_Exception' with message 'Ongeldig bloktype: ' in /Users/Gert/Documents/gitProjects/koket/KoketSite/app/Mage.php:595
Stack trace:
#0 /Users/Gert/Documents/gitProjects/koket/KoketSite/app/code/core/Mage/Core/Model/Layout.php(495): Mage::throwException('Ongeldig blokty...')
#1 /Users/Gert/Documents/gitProjects/koket/KoketSite/app/code/core/Mage/Core/Model/Layout.php(437): Mage_Core_Model_Layout->_getBlockInstance('', Array)
#2 /Users/Gert/Documents/gitProjects/koket/KoketSite/app/code/core/Mage/Core/Model/Layout.php(472): Mage_Core_Model_Layout->createBlock('', 'left')
#3 /Users/Gert/Documents/gitProjects/koket/KoketSite/app/code/core/Mage/Core/Model/Layout.php(239): Mage_Core_Model_Layout->addBlock('', 'left')
#4 /Users/Gert/Documents/gitProjects/koket/KoketSite/app/code/core/Mage/Core/Model/Layout.php(205): Mage_Core_Model_Layout->_generateBlock(Object(Mage_Core_Model_Layout_Element), Object(Mage_Core_Model_Layout_Element))
#5 /Users/Gert/Documents/gitProjects/koket/KoketSite/app/code/core/Mage/Core/Controller/Varien/Action.php(344): Mage_Core_Model_Layout->generateBlocks()
#6 /Users/Gert/Documents/gitProjects/koket/KoketSite/app/code/core/Mage/Core/Controller/Varien/Action.php(269): Mage_Core_Controller_Varien_Action->generateLayoutBlocks()
#7 /Users/Gert/Documents/gitProjects/koket/KoketSite/app/code/core/Mage/Adminhtml/Controller/Action.php(275): Mage_Core_Controller_Varien_Action->loadLayout(NULL, true, true)
#8 /Users/Gert/Documents/gitProjects/koket/KoketSite/app/code/local/Magestore/RewardPointsReferFriends/controllers/Adminhtml/RewardpointsreferfriendsController.php(80): Mage_Adminhtml_Controller_Action->loadLayout()
#9 /Users/Gert/Documents/gitProjects/koket/KoketSite/app/code/core/Mage/Core/Controller/Varien/Action.php(418): Magestore_RewardPointsReferFriends_Adminhtml_RewardpointsreferfriendsController->editAction()
#10 /Users/Gert/Documents/gitProjects/koket/KoketSite/app/code/core/Mage/Core/Controller/Varien/Router/Standard.php(250): Mage_Core_Controller_Varien_Action->dispatch('edit')
#11 /Users/Gert/Documents/gitProjects/koket/KoketSite/app/code/core/Mage/Core/Controller/Varien/Front.php(172): Mage_Core_Controller_Varien_Router_Standard->match(Object(Mage_Core_Controller_Request_Http))
#12 /Users/Gert/Documents/gitProjects/koket/KoketSite/app/code/core/Mage/Core/Model/App.php(354): Mage_Core_Controller_Varien_Front->dispatch()
#13 /Users/Gert/Documents/gitProjects/koket/KoketSite/app/Mage.php(684): Mage_Core_Model_App->run(Array)
#14 /Users/Gert/Documents/gitProjects/koket/KoketSite/index.php(89): Mage::run('', 'store')
#15 {main}
2014-10-17T19:20:11+00:00 ERR (3): 
exception 'Mage_Core_Exception' with message 'Ongeldig bloktype: ' in /Users/Gert/Documents/gitProjects/koket/KoketSite/app/Mage.php:595
Stack trace:
#0 /Users/Gert/Documents/gitProjects/koket/KoketSite/app/code/core/Mage/Core/Model/Layout.php(495): Mage::throwException('Ongeldig blokty...')
#1 /Users/Gert/Documents/gitProjects/koket/KoketSite/app/code/core/Mage/Core/Model/Layout.php(437): Mage_Core_Model_Layout->_getBlockInstance('', Array)
#2 /Users/Gert/Documents/gitProjects/koket/KoketSite/app/code/core/Mage/Core/Model/Layout.php(472): Mage_Core_Model_Layout->createBlock('', 'left')
#3 /Users/Gert/Documents/gitProjects/koket/KoketSite/app/code/core/Mage/Core/Model/Layout.php(239): Mage_Core_Model_Layout->addBlock('', 'left')
#4 /Users/Gert/Documents/gitProjects/koket/KoketSite/app/code/core/Mage/Core/Model/Layout.php(205): Mage_Core_Model_Layout->_generateBlock(Object(Mage_Core_Model_Layout_Element), Object(Mage_Core_Model_Layout_Element))
#5 /Users/Gert/Documents/gitProjects/koket/KoketSite/app/code/core/Mage/Core/Controller/Varien/Action.php(344): Mage_Core_Model_Layout->generateBlocks()
#6 /Users/Gert/Documents/gitProjects/koket/KoketSite/app/code/core/Mage/Core/Controller/Varien/Action.php(269): Mage_Core_Controller_Varien_Action->generateLayoutBlocks()
#7 /Users/Gert/Documents/gitProjects/koket/KoketSite/app/code/core/Mage/Adminhtml/Controller/Action.php(275): Mage_Core_Controller_Varien_Action->loadLayout(NULL, true, true)
#8 /Users/Gert/Documents/gitProjects/koket/KoketSite/app/code/local/Magestore/RewardPointsReferFriends/controllers/Adminhtml/RewardpointsreferfriendsController.php(80): Mage_Adminhtml_Controller_Action->loadLayout()
#9 /Users/Gert/Documents/gitProjects/koket/KoketSite/app/code/core/Mage/Core/Controller/Varien/Action.php(418): Magestore_RewardPointsReferFriends_Adminhtml_RewardpointsreferfriendsController->editAction()
#10 /Users/Gert/Documents/gitProjects/koket/KoketSite/app/code/core/Mage/Core/Controller/Varien/Router/Standard.php(250): Mage_Core_Controller_Varien_Action->dispatch('edit')
#11 /Users/Gert/Documents/gitProjects/koket/KoketSite/app/code/core/Mage/Core/Controller/Varien/Front.php(172): Mage_Core_Controller_Varien_Router_Standard->match(Object(Mage_Core_Controller_Request_Http))
#12 /Users/Gert/Documents/gitProjects/koket/KoketSite/app/code/core/Mage/Core/Model/App.php(354): Mage_Core_Controller_Varien_Front->dispatch()
#13 /Users/Gert/Documents/gitProjects/koket/KoketSite/app/Mage.php(684): Mage_Core_Model_App->run(Array)
#14 /Users/Gert/Documents/gitProjects/koket/KoketSite/index.php(89): Mage::run('', 'store')
#15 {main}
2014-10-23T20:06:55+00:00 ERR (3): 
exception 'Exception' with message 'Recoverable Error: Object of class Mage_Catalog_Model_Product could not be converted to string  in /Users/Gert/Documents/gitProjects/koket/KoketSite/app/design/frontend/shopper/koket/template/catalog/product/view.phtml on line 207' in /Users/Gert/Documents/gitProjects/koket/KoketSite/app/code/core/Mage/Core/functions.php:245
Stack trace:
#0 /Users/Gert/Documents/gitProjects/koket/KoketSite/app/design/frontend/shopper/koket/template/catalog/product/view.phtml(207): mageCoreErrorHandler(4096, 'Object of class...', '/Users/Gert/Doc...', 207, Array)
#1 /Users/Gert/Documents/gitProjects/koket/KoketSite/app/code/core/Mage/Core/Block/Template.php(241): include('/Users/Gert/Doc...')
#2 /Users/Gert/Documents/gitProjects/koket/KoketSite/app/code/core/Mage/Core/Block/Template.php(272): Mage_Core_Block_Template->fetchView('frontend/shoppe...')
#3 /Users/Gert/Documents/gitProjects/koket/KoketSite/app/code/core/Mage/Core/Block/Template.php(286): Mage_Core_Block_Template->renderView()
#4 /Users/Gert/Documents/gitProjects/koket/KoketSite/app/code/core/Mage/Core/Block/Abstract.php(919): Mage_Core_Block_Template->_toHtml()
#5 /Users/Gert/Documents/gitProjects/koket/KoketSite/app/code/core/Mage/Core/Block/Text/List.php(43): Mage_Core_Block_Abstract->toHtml()
#6 /Users/Gert/Documents/gitProjects/koket/KoketSite/app/code/core/Mage/Core/Block/Abstract.php(919): Mage_Core_Block_Text_List->_toHtml()
#7 /Users/Gert/Documents/gitProjects/koket/KoketSite/app/code/core/Mage/Core/Block/Abstract.php(637): Mage_Core_Block_Abstract->toHtml()
#8 /Users/Gert/Documents/gitProjects/koket/KoketSite/app/code/core/Mage/Core/Block/Abstract.php(581): Mage_Core_Block_Abstract->_getChildHtml('content', true)
#9 /Users/Gert/Documents/gitProjects/koket/KoketSite/app/design/frontend/shopper/default/template/page/1column.phtml(56): Mage_Core_Block_Abstract->getChildHtml('content')
#10 /Users/Gert/Documents/gitProjects/koket/KoketSite/app/code/core/Mage/Core/Block/Template.php(241): include('/Users/Gert/Doc...')
#11 /Users/Gert/Documents/gitProjects/koket/KoketSite/app/code/core/Mage/Core/Block/Template.php(272): Mage_Core_Block_Template->fetchView('frontend/shoppe...')
#12 /Users/Gert/Documents/gitProjects/koket/KoketSite/app/code/core/Mage/Core/Block/Template.php(286): Mage_Core_Block_Template->renderView()
#13 /Users/Gert/Documents/gitProjects/koket/KoketSite/app/code/core/Mage/Core/Block/Abstract.php(919): Mage_Core_Block_Template->_toHtml()
#14 /Users/Gert/Documents/gitProjects/koket/KoketSite/app/code/core/Mage/Core/Model/Layout.php(555): Mage_Core_Block_Abstract->toHtml()
#15 /Users/Gert/Documents/gitProjects/koket/KoketSite/app/code/core/Mage/Core/Controller/Varien/Action.php(390): Mage_Core_Model_Layout->getOutput()
#16 /Users/Gert/Documents/gitProjects/koket/KoketSite/app/code/core/Mage/Catalog/Helper/Product/View.php(147): Mage_Core_Controller_Varien_Action->renderLayout()
#17 /Users/Gert/Documents/gitProjects/koket/KoketSite/app/code/core/Mage/Catalog/controllers/ProductController.php(132): Mage_Catalog_Helper_Product_View->prepareAndRender(207, Object(Mage_Catalog_ProductController), Object(Varien_Object))
#18 /Users/Gert/Documents/gitProjects/koket/KoketSite/app/code/core/Mage/Core/Controller/Varien/Action.php(418): Mage_Catalog_ProductController->viewAction()
#19 /Users/Gert/Documents/gitProjects/koket/KoketSite/app/code/core/Mage/Core/Controller/Varien/Router/Standard.php(250): Mage_Core_Controller_Varien_Action->dispatch('view')
#20 /Users/Gert/Documents/gitProjects/koket/KoketSite/app/code/community/BalkeTechnologies/StoreMaintenance/Controller/Router/Standard.php(110): Mage_Core_Controller_Varien_Router_Standard->match(Object(Mage_Core_Controller_Request_Http))
#21 /Users/Gert/Documents/gitProjects/koket/KoketSite/app/code/core/Mage/Core/Controller/Varien/Front.php(172): BalkeTechnologies_StoreMaintenance_Controller_Router_Standard->match(Object(Mage_Core_Controller_Request_Http))
#22 /Users/Gert/Documents/gitProjects/koket/KoketSite/app/code/core/Mage/Core/Model/App.php(354): Mage_Core_Controller_Varien_Front->dispatch()
#23 /Users/Gert/Documents/gitProjects/koket/KoketSite/app/Mage.php(684): Mage_Core_Model_App->run(Array)
#24 /Users/Gert/Documents/gitProjects/koket/KoketSite/index.php(89): Mage::run('', 'store')
#25 {main}
2014-10-23T20:07:09+00:00 ERR (3): 
exception 'Exception' with message 'Recoverable Error: Object of class Mage_Catalog_Model_Product could not be converted to string  in /Users/Gert/Documents/gitProjects/koket/KoketSite/app/design/frontend/shopper/koket/template/catalog/product/view.phtml on line 207' in /Users/Gert/Documents/gitProjects/koket/KoketSite/app/code/core/Mage/Core/functions.php:245
Stack trace:
#0 /Users/Gert/Documents/gitProjects/koket/KoketSite/app/design/frontend/shopper/koket/template/catalog/product/view.phtml(207): mageCoreErrorHandler(4096, 'Object of class...', '/Users/Gert/Doc...', 207, Array)
#1 /Users/Gert/Documents/gitProjects/koket/KoketSite/app/code/core/Mage/Core/Block/Template.php(241): include('/Users/Gert/Doc...')
#2 /Users/Gert/Documents/gitProjects/koket/KoketSite/app/code/core/Mage/Core/Block/Template.php(272): Mage_Core_Block_Template->fetchView('frontend/shoppe...')
#3 /Users/Gert/Documents/gitProjects/koket/KoketSite/app/code/core/Mage/Core/Block/Template.php(286): Mage_Core_Block_Template->renderView()
#4 /Users/Gert/Documents/gitProjects/koket/KoketSite/app/code/core/Mage/Core/Block/Abstract.php(919): Mage_Core_Block_Template->_toHtml()
#5 /Users/Gert/Documents/gitProjects/koket/KoketSite/app/code/core/Mage/Core/Block/Text/List.php(43): Mage_Core_Block_Abstract->toHtml()
#6 /Users/Gert/Documents/gitProjects/koket/KoketSite/app/code/core/Mage/Core/Block/Abstract.php(919): Mage_Core_Block_Text_List->_toHtml()
#7 /Users/Gert/Documents/gitProjects/koket/KoketSite/app/code/core/Mage/Core/Block/Abstract.php(637): Mage_Core_Block_Abstract->toHtml()
#8 /Users/Gert/Documents/gitProjects/koket/KoketSite/app/code/core/Mage/Core/Block/Abstract.php(581): Mage_Core_Block_Abstract->_getChildHtml('content', true)
#9 /Users/Gert/Documents/gitProjects/koket/KoketSite/app/design/frontend/shopper/default/template/page/1column.phtml(56): Mage_Core_Block_Abstract->getChildHtml('content')
#10 /Users/Gert/Documents/gitProjects/koket/KoketSite/app/code/core/Mage/Core/Block/Template.php(241): include('/Users/Gert/Doc...')
#11 /Users/Gert/Documents/gitProjects/koket/KoketSite/app/code/core/Mage/Core/Block/Template.php(272): Mage_Core_Block_Template->fetchView('frontend/shoppe...')
#12 /Users/Gert/Documents/gitProjects/koket/KoketSite/app/code/core/Mage/Core/Block/Template.php(286): Mage_Core_Block_Template->renderView()
#13 /Users/Gert/Documents/gitProjects/koket/KoketSite/app/code/core/Mage/Core/Block/Abstract.php(919): Mage_Core_Block_Template->_toHtml()
#14 /Users/Gert/Documents/gitProjects/koket/KoketSite/app/code/core/Mage/Core/Model/Layout.php(555): Mage_Core_Block_Abstract->toHtml()
#15 /Users/Gert/Documents/gitProjects/koket/KoketSite/app/code/core/Mage/Core/Controller/Varien/Action.php(390): Mage_Core_Model_Layout->getOutput()
#16 /Users/Gert/Documents/gitProjects/koket/KoketSite/app/code/core/Mage/Catalog/Helper/Product/View.php(147): Mage_Core_Controller_Varien_Action->renderLayout()
#17 /Users/Gert/Documents/gitProjects/koket/KoketSite/app/code/core/Mage/Catalog/controllers/ProductController.php(132): Mage_Catalog_Helper_Product_View->prepareAndRender(207, Object(Mage_Catalog_ProductController), Object(Varien_Object))
#18 /Users/Gert/Documents/gitProjects/koket/KoketSite/app/code/core/Mage/Core/Controller/Varien/Action.php(418): Mage_Catalog_ProductController->viewAction()
#19 /Users/Gert/Documents/gitProjects/koket/KoketSite/app/code/core/Mage/Core/Controller/Varien/Router/Standard.php(250): Mage_Core_Controller_Varien_Action->dispatch('view')
#20 /Users/Gert/Documents/gitProjects/koket/KoketSite/app/code/community/BalkeTechnologies/StoreMaintenance/Controller/Router/Standard.php(110): Mage_Core_Controller_Varien_Router_Standard->match(Object(Mage_Core_Controller_Request_Http))
#21 /Users/Gert/Documents/gitProjects/koket/KoketSite/app/code/core/Mage/Core/Controller/Varien/Front.php(172): BalkeTechnologies_StoreMaintenance_Controller_Router_Standard->match(Object(Mage_Core_Controller_Request_Http))
#22 /Users/Gert/Documents/gitProjects/koket/KoketSite/app/code/core/Mage/Core/Model/App.php(354): Mage_Core_Controller_Varien_Front->dispatch()
#23 /Users/Gert/Documents/gitProjects/koket/KoketSite/app/Mage.php(684): Mage_Core_Model_App->run(Array)
#24 /Users/Gert/Documents/gitProjects/koket/KoketSite/index.php(89): Mage::run('', 'store')
#25 {main}
2014-11-02T14:39:43+00:00 ERR (3): 
exception 'Mage_Core_Exception' with message 'Ongeldig bloktype: ' in /Users/Gert/Documents/gitProjects/koket/KoketSite/app/Mage.php:595
Stack trace:
#0 /Users/Gert/Documents/gitProjects/koket/KoketSite/app/code/core/Mage/Core/Model/Layout.php(495): Mage::throwException('Ongeldig blokty...')
#1 /Users/Gert/Documents/gitProjects/koket/KoketSite/app/code/core/Mage/Core/Model/Layout.php(437): Mage_Core_Model_Layout->_getBlockInstance('', Array)
#2 /Users/Gert/Documents/gitProjects/koket/KoketSite/app/code/core/Mage/Core/Model/Layout.php(472): Mage_Core_Model_Layout->createBlock('', 'left')
#3 /Users/Gert/Documents/gitProjects/koket/KoketSite/app/code/core/Mage/Core/Model/Layout.php(239): Mage_Core_Model_Layout->addBlock('', 'left')
#4 /Users/Gert/Documents/gitProjects/koket/KoketSite/app/code/core/Mage/Core/Model/Layout.php(205): Mage_Core_Model_Layout->_generateBlock(Object(Mage_Core_Model_Layout_Element), Object(Mage_Core_Model_Layout_Element))
#5 /Users/Gert/Documents/gitProjects/koket/KoketSite/app/code/core/Mage/Core/Controller/Varien/Action.php(344): Mage_Core_Model_Layout->generateBlocks()
#6 /Users/Gert/Documents/gitProjects/koket/KoketSite/app/code/core/Mage/Core/Controller/Varien/Action.php(269): Mage_Core_Controller_Varien_Action->generateLayoutBlocks()
#7 /Users/Gert/Documents/gitProjects/koket/KoketSite/app/code/core/Mage/Adminhtml/Controller/Action.php(275): Mage_Core_Controller_Varien_Action->loadLayout(NULL, true, true)
#8 /Users/Gert/Documents/gitProjects/koket/KoketSite/app/code/local/Magestore/RewardPointsReferFriends/controllers/Adminhtml/RewardpointsreferfriendsController.php(80): Mage_Adminhtml_Controller_Action->loadLayout()
#9 /Users/Gert/Documents/gitProjects/koket/KoketSite/app/code/core/Mage/Core/Controller/Varien/Action.php(418): Magestore_RewardPointsReferFriends_Adminhtml_RewardpointsreferfriendsController->editAction()
#10 /Users/Gert/Documents/gitProjects/koket/KoketSite/app/code/core/Mage/Core/Controller/Varien/Router/Standard.php(250): Mage_Core_Controller_Varien_Action->dispatch('edit')
#11 /Users/Gert/Documents/gitProjects/koket/KoketSite/app/code/core/Mage/Core/Controller/Varien/Front.php(172): Mage_Core_Controller_Varien_Router_Standard->match(Object(Mage_Core_Controller_Request_Http))
#12 /Users/Gert/Documents/gitProjects/koket/KoketSite/app/code/core/Mage/Core/Model/App.php(354): Mage_Core_Controller_Varien_Front->dispatch()
#13 /Users/Gert/Documents/gitProjects/koket/KoketSite/app/Mage.php(684): Mage_Core_Model_App->run(Array)
#14 /Users/Gert/Documents/gitProjects/koket/KoketSite/index.php(89): Mage::run('', 'store')
#15 {main}
2014-11-04T19:04:55+00:00 ERR (3): 
exception 'Exception' with message 'Notice: Undefined variable: product  in /Users/Gert/Documents/gitProjects/koket/KoketSite/app/design/frontend/shopper/koket/template/catalog/product/view.phtml on line 149' in /Users/Gert/Documents/gitProjects/koket/KoketSite/app/code/core/Mage/Core/functions.php:245
Stack trace:
#0 /Users/Gert/Documents/gitProjects/koket/KoketSite/app/design/frontend/shopper/koket/template/catalog/product/view.phtml(149): mageCoreErrorHandler(8, 'Undefined varia...', '/Users/Gert/Doc...', 149, Array)
#1 /Users/Gert/Documents/gitProjects/koket/KoketSite/app/code/core/Mage/Core/Block/Template.php(241): include('/Users/Gert/Doc...')
#2 /Users/Gert/Documents/gitProjects/koket/KoketSite/app/code/core/Mage/Core/Block/Template.php(272): Mage_Core_Block_Template->fetchView('frontend/shoppe...')
#3 /Users/Gert/Documents/gitProjects/koket/KoketSite/app/code/core/Mage/Core/Block/Template.php(286): Mage_Core_Block_Template->renderView()
#4 /Users/Gert/Documents/gitProjects/koket/KoketSite/app/code/core/Mage/Core/Block/Abstract.php(919): Mage_Core_Block_Template->_toHtml()
#5 /Users/Gert/Documents/gitProjects/koket/KoketSite/app/code/core/Mage/Core/Block/Text/List.php(43): Mage_Core_Block_Abstract->toHtml()
#6 /Users/Gert/Documents/gitProjects/koket/KoketSite/app/code/core/Mage/Core/Block/Abstract.php(919): Mage_Core_Block_Text_List->_toHtml()
#7 /Users/Gert/Documents/gitProjects/koket/KoketSite/app/code/core/Mage/Core/Block/Abstract.php(637): Mage_Core_Block_Abstract->toHtml()
#8 /Users/Gert/Documents/gitProjects/koket/KoketSite/app/code/core/Mage/Core/Block/Abstract.php(581): Mage_Core_Block_Abstract->_getChildHtml('content', true)
#9 /Users/Gert/Documents/gitProjects/koket/KoketSite/app/design/frontend/shopper/default/template/page/1column.phtml(56): Mage_Core_Block_Abstract->getChildHtml('content')
#10 /Users/Gert/Documents/gitProjects/koket/KoketSite/app/code/core/Mage/Core/Block/Template.php(241): include('/Users/Gert/Doc...')
#11 /Users/Gert/Documents/gitProjects/koket/KoketSite/app/code/core/Mage/Core/Block/Template.php(272): Mage_Core_Block_Template->fetchView('frontend/shoppe...')
#12 /Users/Gert/Documents/gitProjects/koket/KoketSite/app/code/core/Mage/Core/Block/Template.php(286): Mage_Core_Block_Template->renderView()
#13 /Users/Gert/Documents/gitProjects/koket/KoketSite/app/code/core/Mage/Core/Block/Abstract.php(919): Mage_Core_Block_Template->_toHtml()
#14 /Users/Gert/Documents/gitProjects/koket/KoketSite/app/code/core/Mage/Core/Model/Layout.php(555): Mage_Core_Block_Abstract->toHtml()
#15 /Users/Gert/Documents/gitProjects/koket/KoketSite/app/code/core/Mage/Core/Controller/Varien/Action.php(390): Mage_Core_Model_Layout->getOutput()
#16 /Users/Gert/Documents/gitProjects/koket/KoketSite/app/code/core/Mage/Catalog/Helper/Product/View.php(147): Mage_Core_Controller_Varien_Action->renderLayout()
#17 /Users/Gert/Documents/gitProjects/koket/KoketSite/app/code/core/Mage/Catalog/controllers/ProductController.php(132): Mage_Catalog_Helper_Product_View->prepareAndRender(218, Object(Mage_Catalog_ProductController), Object(Varien_Object))
#18 /Users/Gert/Documents/gitProjects/koket/KoketSite/app/code/core/Mage/Core/Controller/Varien/Action.php(418): Mage_Catalog_ProductController->viewAction()
#19 /Users/Gert/Documents/gitProjects/koket/KoketSite/app/code/core/Mage/Core/Controller/Varien/Router/Standard.php(250): Mage_Core_Controller_Varien_Action->dispatch('view')
#20 /Users/Gert/Documents/gitProjects/koket/KoketSite/app/code/community/BalkeTechnologies/StoreMaintenance/Controller/Router/Standard.php(110): Mage_Core_Controller_Varien_Router_Standard->match(Object(Mage_Core_Controller_Request_Http))
#21 /Users/Gert/Documents/gitProjects/koket/KoketSite/app/code/core/Mage/Core/Controller/Varien/Front.php(172): BalkeTechnologies_StoreMaintenance_Controller_Router_Standard->match(Object(Mage_Core_Controller_Request_Http))
#22 /Users/Gert/Documents/gitProjects/koket/KoketSite/app/code/core/Mage/Core/Model/App.php(354): Mage_Core_Controller_Varien_Front->dispatch()
#23 /Users/Gert/Documents/gitProjects/koket/KoketSite/app/Mage.php(684): Mage_Core_Model_App->run(Array)
#24 /Users/Gert/Documents/gitProjects/koket/KoketSite/index.php(89): Mage::run('', 'store')
#25 {main}
2014-11-24T10:57:02+00:00 ERR (3): 
exception 'Mage_Core_Exception' with message 'Please specify a shipping method.' in /Users/Gert/Documents/gitProjects/koket/KoketSite/app/Mage.php:595
Stack trace:
#0 /Users/Gert/Documents/gitProjects/koket/KoketSite/app/code/core/Mage/Sales/Model/Service/Quote.php(303): Mage::throwException('Please specify ...')
#1 /Users/Gert/Documents/gitProjects/koket/KoketSite/app/code/core/Mage/Sales/Model/Service/Quote.php(222): Mage_Sales_Model_Service_Quote->_validate()
#2 /Users/Gert/Documents/gitProjects/koket/KoketSite/app/code/core/Mage/Sales/Model/Service/Quote.php(238): Mage_Sales_Model_Service_Quote->submitNominalItems()
#3 /Users/Gert/Documents/gitProjects/koket/KoketSite/app/code/core/Mage/Checkout/Model/Type/Onepage.php(785): Mage_Sales_Model_Service_Quote->submitAll()
#4 /Users/Gert/Documents/gitProjects/koket/KoketSite/app/code/community/IWD/Opc/controllers/JsonController.php(420): Mage_Checkout_Model_Type_Onepage->saveOrder()
#5 /Users/Gert/Documents/gitProjects/koket/KoketSite/app/code/core/Mage/Core/Controller/Varien/Action.php(418): IWD_Opc_JsonController->saveOrderAction()
#6 /Users/Gert/Documents/gitProjects/koket/KoketSite/app/code/core/Mage/Core/Controller/Varien/Router/Standard.php(250): Mage_Core_Controller_Varien_Action->dispatch('saveOrder')
#7 /Users/Gert/Documents/gitProjects/koket/KoketSite/app/code/community/BalkeTechnologies/StoreMaintenance/Controller/Router/Standard.php(110): Mage_Core_Controller_Varien_Router_Standard->match(Object(Mage_Core_Controller_Request_Http))
#8 /Users/Gert/Documents/gitProjects/koket/KoketSite/app/code/core/Mage/Core/Controller/Varien/Front.php(172): BalkeTechnologies_StoreMaintenance_Controller_Router_Standard->match(Object(Mage_Core_Controller_Request_Http))
#9 /Users/Gert/Documents/gitProjects/koket/KoketSite/app/code/core/Mage/Core/Model/App.php(354): Mage_Core_Controller_Varien_Front->dispatch()
#10 /Users/Gert/Documents/gitProjects/koket/KoketSite/app/Mage.php(684): Mage_Core_Model_App->run(Array)
#11 /Users/Gert/Documents/gitProjects/koket/KoketSite/index.php(89): Mage::run('', 'store')
#12 {main}
2014-11-24T12:10:55+00:00 ERR (3): 
exception 'Mage_Core_Exception' with message 'Please specify a shipping method.' in /Users/Gert/Documents/gitProjects/koket/KoketSite/app/Mage.php:595
Stack trace:
#0 /Users/Gert/Documents/gitProjects/koket/KoketSite/app/code/core/Mage/Sales/Model/Service/Quote.php(303): Mage::throwException('Please specify ...')
#1 /Users/Gert/Documents/gitProjects/koket/KoketSite/app/code/core/Mage/Sales/Model/Service/Quote.php(222): Mage_Sales_Model_Service_Quote->_validate()
#2 /Users/Gert/Documents/gitProjects/koket/KoketSite/app/code/core/Mage/Sales/Model/Service/Quote.php(238): Mage_Sales_Model_Service_Quote->submitNominalItems()
#3 /Users/Gert/Documents/gitProjects/koket/KoketSite/app/code/core/Mage/Checkout/Model/Type/Onepage.php(785): Mage_Sales_Model_Service_Quote->submitAll()
#4 /Users/Gert/Documents/gitProjects/koket/KoketSite/app/code/community/IWD/Opc/controllers/JsonController.php(420): Mage_Checkout_Model_Type_Onepage->saveOrder()
#5 /Users/Gert/Documents/gitProjects/koket/KoketSite/app/code/core/Mage/Core/Controller/Varien/Action.php(418): IWD_Opc_JsonController->saveOrderAction()
#6 /Users/Gert/Documents/gitProjects/koket/KoketSite/app/code/core/Mage/Core/Controller/Varien/Router/Standard.php(250): Mage_Core_Controller_Varien_Action->dispatch('saveOrder')
#7 /Users/Gert/Documents/gitProjects/koket/KoketSite/app/code/community/BalkeTechnologies/StoreMaintenance/Controller/Router/Standard.php(110): Mage_Core_Controller_Varien_Router_Standard->match(Object(Mage_Core_Controller_Request_Http))
#8 /Users/Gert/Documents/gitProjects/koket/KoketSite/app/code/core/Mage/Core/Controller/Varien/Front.php(172): BalkeTechnologies_StoreMaintenance_Controller_Router_Standard->match(Object(Mage_Core_Controller_Request_Http))
#9 /Users/Gert/Documents/gitProjects/koket/KoketSite/app/code/core/Mage/Core/Model/App.php(354): Mage_Core_Controller_Varien_Front->dispatch()
#10 /Users/Gert/Documents/gitProjects/koket/KoketSite/app/Mage.php(684): Mage_Core_Model_App->run(Array)
#11 /Users/Gert/Documents/gitProjects/koket/KoketSite/index.php(89): Mage::run('', 'store')
#12 {main}
2014-11-24T19:41:24+00:00 ERR (3): 
exception 'Mage_Core_Exception' with message 'Please specify a shipping method.' in /Users/Gert/Documents/gitProjects/koket/KoketSite/app/Mage.php:595
Stack trace:
#0 /Users/Gert/Documents/gitProjects/koket/KoketSite/app/code/core/Mage/Sales/Model/Service/Quote.php(303): Mage::throwException('Please specify ...')
#1 /Users/Gert/Documents/gitProjects/koket/KoketSite/app/code/core/Mage/Sales/Model/Service/Quote.php(222): Mage_Sales_Model_Service_Quote->_validate()
#2 /Users/Gert/Documents/gitProjects/koket/KoketSite/app/code/core/Mage/Sales/Model/Service/Quote.php(238): Mage_Sales_Model_Service_Quote->submitNominalItems()
#3 /Users/Gert/Documents/gitProjects/koket/KoketSite/app/code/core/Mage/Checkout/Model/Type/Onepage.php(785): Mage_Sales_Model_Service_Quote->submitAll()
#4 /Users/Gert/Documents/gitProjects/koket/KoketSite/app/code/community/IWD/Opc/controllers/JsonController.php(420): Mage_Checkout_Model_Type_Onepage->saveOrder()
#5 /Users/Gert/Documents/gitProjects/koket/KoketSite/app/code/core/Mage/Core/Controller/Varien/Action.php(418): IWD_Opc_JsonController->saveOrderAction()
#6 /Users/Gert/Documents/gitProjects/koket/KoketSite/app/code/core/Mage/Core/Controller/Varien/Router/Standard.php(250): Mage_Core_Controller_Varien_Action->dispatch('saveOrder')
#7 /Users/Gert/Documents/gitProjects/koket/KoketSite/app/code/community/BalkeTechnologies/StoreMaintenance/Controller/Router/Standard.php(110): Mage_Core_Controller_Varien_Router_Standard->match(Object(Mage_Core_Controller_Request_Http))
#8 /Users/Gert/Documents/gitProjects/koket/KoketSite/app/code/core/Mage/Core/Controller/Varien/Front.php(172): BalkeTechnologies_StoreMaintenance_Controller_Router_Standard->match(Object(Mage_Core_Controller_Request_Http))
#9 /Users/Gert/Documents/gitProjects/koket/KoketSite/app/code/core/Mage/Core/Model/App.php(354): Mage_Core_Controller_Varien_Front->dispatch()
#10 /Users/Gert/Documents/gitProjects/koket/KoketSite/app/Mage.php(684): Mage_Core_Model_App->run(Array)
#11 /Users/Gert/Documents/gitProjects/koket/KoketSite/index.php(89): Mage::run('', 'store')
#12 {main}
2014-11-24T20:24:34+00:00 ERR (3): 
exception 'Mage_Core_Exception' with message 'Please specify a shipping method.' in /Users/Gert/Documents/gitProjects/koket/KoketSite/app/Mage.php:595
Stack trace:
#0 /Users/Gert/Documents/gitProjects/koket/KoketSite/app/code/core/Mage/Sales/Model/Service/Quote.php(303): Mage::throwException('Please specify ...')
#1 /Users/Gert/Documents/gitProjects/koket/KoketSite/app/code/core/Mage/Sales/Model/Service/Quote.php(222): Mage_Sales_Model_Service_Quote->_validate()
#2 /Users/Gert/Documents/gitProjects/koket/KoketSite/app/code/core/Mage/Sales/Model/Service/Quote.php(238): Mage_Sales_Model_Service_Quote->submitNominalItems()
#3 /Users/Gert/Documents/gitProjects/koket/KoketSite/app/code/core/Mage/Checkout/Model/Type/Onepage.php(785): Mage_Sales_Model_Service_Quote->submitAll()
#4 /Users/Gert/Documents/gitProjects/koket/KoketSite/app/code/community/IWD/Opc/controllers/JsonController.php(420): Mage_Checkout_Model_Type_Onepage->saveOrder()
#5 /Users/Gert/Documents/gitProjects/koket/KoketSite/app/code/core/Mage/Core/Controller/Varien/Action.php(418): IWD_Opc_JsonController->saveOrderAction()
#6 /Users/Gert/Documents/gitProjects/koket/KoketSite/app/code/core/Mage/Core/Controller/Varien/Router/Standard.php(250): Mage_Core_Controller_Varien_Action->dispatch('saveOrder')
#7 /Users/Gert/Documents/gitProjects/koket/KoketSite/app/code/community/BalkeTechnologies/StoreMaintenance/Controller/Router/Standard.php(110): Mage_Core_Controller_Varien_Router_Standard->match(Object(Mage_Core_Controller_Request_Http))
#8 /Users/Gert/Documents/gitProjects/koket/KoketSite/app/code/core/Mage/Core/Controller/Varien/Front.php(172): BalkeTechnologies_StoreMaintenance_Controller_Router_Standard->match(Object(Mage_Core_Controller_Request_Http))
#9 /Users/Gert/Documents/gitProjects/koket/KoketSite/app/code/core/Mage/Core/Model/App.php(354): Mage_Core_Controller_Varien_Front->dispatch()
#10 /Users/Gert/Documents/gitProjects/koket/KoketSite/app/Mage.php(684): Mage_Core_Model_App->run(Array)
#11 /Users/Gert/Documents/gitProjects/koket/KoketSite/index.php(89): Mage::run('', 'store')
#12 {main}
2014-11-24T20:24:47+00:00 ERR (3): 
exception 'Mage_Core_Exception' with message 'Please specify a shipping method.' in /Users/Gert/Documents/gitProjects/koket/KoketSite/app/Mage.php:595
Stack trace:
#0 /Users/Gert/Documents/gitProjects/koket/KoketSite/app/code/core/Mage/Sales/Model/Service/Quote.php(303): Mage::throwException('Please specify ...')
#1 /Users/Gert/Documents/gitProjects/koket/KoketSite/app/code/core/Mage/Sales/Model/Service/Quote.php(222): Mage_Sales_Model_Service_Quote->_validate()
#2 /Users/Gert/Documents/gitProjects/koket/KoketSite/app/code/core/Mage/Sales/Model/Service/Quote.php(238): Mage_Sales_Model_Service_Quote->submitNominalItems()
#3 /Users/Gert/Documents/gitProjects/koket/KoketSite/app/code/core/Mage/Checkout/Model/Type/Onepage.php(785): Mage_Sales_Model_Service_Quote->submitAll()
#4 /Users/Gert/Documents/gitProjects/koket/KoketSite/app/code/community/IWD/Opc/controllers/JsonController.php(420): Mage_Checkout_Model_Type_Onepage->saveOrder()
#5 /Users/Gert/Documents/gitProjects/koket/KoketSite/app/code/core/Mage/Core/Controller/Varien/Action.php(418): IWD_Opc_JsonController->saveOrderAction()
#6 /Users/Gert/Documents/gitProjects/koket/KoketSite/app/code/core/Mage/Core/Controller/Varien/Router/Standard.php(250): Mage_Core_Controller_Varien_Action->dispatch('saveOrder')
#7 /Users/Gert/Documents/gitProjects/koket/KoketSite/app/code/community/BalkeTechnologies/StoreMaintenance/Controller/Router/Standard.php(110): Mage_Core_Controller_Varien_Router_Standard->match(Object(Mage_Core_Controller_Request_Http))
#8 /Users/Gert/Documents/gitProjects/koket/KoketSite/app/code/core/Mage/Core/Controller/Varien/Front.php(172): BalkeTechnologies_StoreMaintenance_Controller_Router_Standard->match(Object(Mage_Core_Controller_Request_Http))
#9 /Users/Gert/Documents/gitProjects/koket/KoketSite/app/code/core/Mage/Core/Model/App.php(354): Mage_Core_Controller_Varien_Front->dispatch()
#10 /Users/Gert/Documents/gitProjects/koket/KoketSite/app/Mage.php(684): Mage_Core_Model_App->run(Array)
#11 /Users/Gert/Documents/gitProjects/koket/KoketSite/index.php(89): Mage::run('', 'store')
#12 {main}
2014-11-24T20:29:22+00:00 ERR (3): 
exception 'Mage_Core_Exception' with message 'Gelieve een verzendwijze te kiezen.' in /Users/Gert/Documents/gitProjects/koket/KoketSite/app/Mage.php:595
Stack trace:
#0 /Users/Gert/Documents/gitProjects/koket/KoketSite/app/code/core/Mage/Sales/Model/Service/Quote.php(303): Mage::throwException('Gelieve een ver...')
#1 /Users/Gert/Documents/gitProjects/koket/KoketSite/app/code/core/Mage/Sales/Model/Service/Quote.php(222): Mage_Sales_Model_Service_Quote->_validate()
#2 /Users/Gert/Documents/gitProjects/koket/KoketSite/app/code/core/Mage/Sales/Model/Service/Quote.php(238): Mage_Sales_Model_Service_Quote->submitNominalItems()
#3 /Users/Gert/Documents/gitProjects/koket/KoketSite/app/code/core/Mage/Checkout/Model/Type/Onepage.php(785): Mage_Sales_Model_Service_Quote->submitAll()
#4 /Users/Gert/Documents/gitProjects/koket/KoketSite/app/code/community/IWD/Opc/controllers/JsonController.php(420): Mage_Checkout_Model_Type_Onepage->saveOrder()
#5 /Users/Gert/Documents/gitProjects/koket/KoketSite/app/code/core/Mage/Core/Controller/Varien/Action.php(418): IWD_Opc_JsonController->saveOrderAction()
#6 /Users/Gert/Documents/gitProjects/koket/KoketSite/app/code/core/Mage/Core/Controller/Varien/Router/Standard.php(250): Mage_Core_Controller_Varien_Action->dispatch('saveOrder')
#7 /Users/Gert/Documents/gitProjects/koket/KoketSite/app/code/community/BalkeTechnologies/StoreMaintenance/Controller/Router/Standard.php(110): Mage_Core_Controller_Varien_Router_Standard->match(Object(Mage_Core_Controller_Request_Http))
#8 /Users/Gert/Documents/gitProjects/koket/KoketSite/app/code/core/Mage/Core/Controller/Varien/Front.php(172): BalkeTechnologies_StoreMaintenance_Controller_Router_Standard->match(Object(Mage_Core_Controller_Request_Http))
#9 /Users/Gert/Documents/gitProjects/koket/KoketSite/app/code/core/Mage/Core/Model/App.php(354): Mage_Core_Controller_Varien_Front->dispatch()
#10 /Users/Gert/Documents/gitProjects/koket/KoketSite/app/Mage.php(684): Mage_Core_Model_App->run(Array)
#11 /Users/Gert/Documents/gitProjects/koket/KoketSite/index.php(89): Mage::run('', 'store')
#12 {main}
2014-11-29T13:37:57+00:00 ERR (3): 
exception 'PDOException' with message 'SQLSTATE[42S22]: Column not found: 1054 Unknown column 'e.category_ids' in 'where clause'' in /Users/Gert/Documents/gitProjects/koket/KoketSite/lib/Zend/Db/Statement/Pdo.php:228
Stack trace:
#0 /Users/Gert/Documents/gitProjects/koket/KoketSite/lib/Zend/Db/Statement/Pdo.php(228): PDOStatement->execute(Array)
#1 /Users/Gert/Documents/gitProjects/koket/KoketSite/lib/Varien/Db/Statement/Pdo/Mysql.php(110): Zend_Db_Statement_Pdo->_execute(Array)
#2 /Users/Gert/Documents/gitProjects/koket/KoketSite/app/code/core/Zend/Db/Statement.php(291): Varien_Db_Statement_Pdo_Mysql->_execute(Array)
#3 /Users/Gert/Documents/gitProjects/koket/KoketSite/lib/Zend/Db/Adapter/Abstract.php(479): Zend_Db_Statement->execute(Array)
#4 /Users/Gert/Documents/gitProjects/koket/KoketSite/lib/Zend/Db/Adapter/Pdo/Abstract.php(238): Zend_Db_Adapter_Abstract->query('SELECT COUNT(DI...', Array)
#5 /Users/Gert/Documents/gitProjects/koket/KoketSite/lib/Varien/Db/Adapter/Pdo/Mysql.php(428): Zend_Db_Adapter_Pdo_Abstract->query('SELECT COUNT(DI...', Array)
#6 /Users/Gert/Documents/gitProjects/koket/KoketSite/lib/Zend/Db/Adapter/Abstract.php(825): Varien_Db_Adapter_Pdo_Mysql->query(Object(Varien_Db_Select), Array)
#7 /Users/Gert/Documents/gitProjects/koket/KoketSite/lib/Varien/Data/Collection/Db.php(225): Zend_Db_Adapter_Abstract->fetchOne(Object(Varien_Db_Select), Array)
#8 /Users/Gert/Documents/gitProjects/koket/KoketSite/lib/Varien/Data/Collection.php(225): Varien_Data_Collection_Db->getSize()
#9 /Users/Gert/Documents/gitProjects/koket/KoketSite/lib/Varien/Data/Collection.php(211): Varien_Data_Collection->getLastPageNumber()
#10 /Users/Gert/Documents/gitProjects/koket/KoketSite/app/code/core/Mage/Eav/Model/Entity/Collection/Abstract.php(1036): Varien_Data_Collection->getCurPage()
#11 /Users/Gert/Documents/gitProjects/koket/KoketSite/app/code/core/Mage/Eav/Model/Entity/Collection/Abstract.php(871): Mage_Eav_Model_Entity_Collection_Abstract->_loadEntities(false, false)
#12 /Users/Gert/Documents/gitProjects/koket/KoketSite/app/code/core/Mage/Review/Model/Observer.php(78): Mage_Eav_Model_Entity_Collection_Abstract->load()
#13 /Users/Gert/Documents/gitProjects/koket/KoketSite/app/code/core/Mage/Core/Model/App.php(1338): Mage_Review_Model_Observer->catalogBlockProductCollectionBeforeToHtml(Object(Varien_Event_Observer))
#14 /Users/Gert/Documents/gitProjects/koket/KoketSite/app/code/core/Mage/Core/Model/App.php(1311): Mage_Core_Model_App->_callObserverMethod(Object(Mage_Review_Model_Observer), 'catalogBlockPro...', Object(Varien_Event_Observer))
#15 /Users/Gert/Documents/gitProjects/koket/KoketSite/app/Mage.php(448): Mage_Core_Model_App->dispatchEvent('catalog_block_p...', Array)
#16 /Users/Gert/Documents/gitProjects/koket/KoketSite/app/code/core/Mage/Catalog/Block/Product/List.php(164): Mage::dispatchEvent('catalog_block_p...', Array)
#17 /Users/Gert/Documents/gitProjects/koket/KoketSite/app/code/core/Mage/Core/Block/Abstract.php(918): Mage_Catalog_Block_Product_List->_beforeToHtml()
#18 /Users/Gert/Documents/gitProjects/koket/KoketSite/app/code/core/Mage/Core/Model/Email/Template/Filter.php(191): Mage_Core_Block_Abstract->toHtml()
#19 [internal function]: Mage_Core_Model_Email_Template_Filter->blockDirective(Array)
#20 /Users/Gert/Documents/gitProjects/koket/KoketSite/lib/Varien/Filter/Template.php(134): call_user_func(Array, Array)
#21 /Users/Gert/Documents/gitProjects/koket/KoketSite/app/code/core/Mage/Core/Model/Email/Template/Filter.php(504): Varien_Filter_Template->filter('<div class="hom...')
#22 /Users/Gert/Documents/gitProjects/koket/KoketSite/app/code/core/Mage/Cms/Block/Page.php(101): Mage_Core_Model_Email_Template_Filter->filter('<div class="hom...')
#23 /Users/Gert/Documents/gitProjects/koket/KoketSite/app/code/core/Mage/Core/Block/Abstract.php(919): Mage_Cms_Block_Page->_toHtml()
#24 /Users/Gert/Documents/gitProjects/koket/KoketSite/app/code/core/Mage/Core/Block/Abstract.php(637): Mage_Core_Block_Abstract->toHtml()
#25 /Users/Gert/Documents/gitProjects/koket/KoketSite/app/code/core/Mage/Core/Block/Abstract.php(577): Mage_Core_Block_Abstract->_getChildHtml('cms_page', true)
#26 /Users/Gert/Documents/gitProjects/koket/KoketSite/app/code/core/Mage/Page/Block/Html/Wrapper.php(52): Mage_Core_Block_Abstract->getChildHtml('', true, true)
#27 /Users/Gert/Documents/gitProjects/koket/KoketSite/app/code/core/Mage/Core/Block/Abstract.php(919): Mage_Page_Block_Html_Wrapper->_toHtml()
#28 /Users/Gert/Documents/gitProjects/koket/KoketSite/app/code/core/Mage/Core/Block/Text/List.php(43): Mage_Core_Block_Abstract->toHtml()
#29 /Users/Gert/Documents/gitProjects/koket/KoketSite/app/code/core/Mage/Core/Block/Abstract.php(919): Mage_Core_Block_Text_List->_toHtml()
#30 /Users/Gert/Documents/gitProjects/koket/KoketSite/app/code/core/Mage/Core/Block/Abstract.php(637): Mage_Core_Block_Abstract->toHtml()
#31 /Users/Gert/Documents/gitProjects/koket/KoketSite/app/code/core/Mage/Core/Block/Abstract.php(581): Mage_Core_Block_Abstract->_getChildHtml('content', true)
#32 /Users/Gert/Documents/gitProjects/koket/KoketSite/app/design/frontend/shopper/default/template/page/1column.phtml(56): Mage_Core_Block_Abstract->getChildHtml('content')
#33 /Users/Gert/Documents/gitProjects/koket/KoketSite/app/code/core/Mage/Core/Block/Template.php(241): include('/Users/Gert/Doc...')
#34 /Users/Gert/Documents/gitProjects/koket/KoketSite/app/code/core/Mage/Core/Block/Template.php(272): Mage_Core_Block_Template->fetchView('frontend/shoppe...')
#35 /Users/Gert/Documents/gitProjects/koket/KoketSite/app/code/core/Mage/Core/Block/Template.php(286): Mage_Core_Block_Template->renderView()
#36 /Users/Gert/Documents/gitProjects/koket/KoketSite/app/code/core/Mage/Core/Block/Abstract.php(919): Mage_Core_Block_Template->_toHtml()
#37 /Users/Gert/Documents/gitProjects/koket/KoketSite/app/code/core/Mage/Core/Model/Layout.php(555): Mage_Core_Block_Abstract->toHtml()
#38 /Users/Gert/Documents/gitProjects/koket/KoketSite/app/code/core/Mage/Core/Controller/Varien/Action.php(390): Mage_Core_Model_Layout->getOutput()
#39 /Users/Gert/Documents/gitProjects/koket/KoketSite/app/code/core/Mage/Cms/Helper/Page.php(137): Mage_Core_Controller_Varien_Action->renderLayout()
#40 /Users/Gert/Documents/gitProjects/koket/KoketSite/app/code/core/Mage/Cms/Helper/Page.php(52): Mage_Cms_Helper_Page->_renderPage(Object(Mage_Cms_IndexController), 'shopper_home_2c...')
#41 /Users/Gert/Documents/gitProjects/koket/KoketSite/app/code/core/Mage/Cms/controllers/IndexController.php(45): Mage_Cms_Helper_Page->renderPage(Object(Mage_Cms_IndexController), 'shopper_home_2c...')
#42 /Users/Gert/Documents/gitProjects/koket/KoketSite/app/code/core/Mage/Core/Controller/Varien/Action.php(418): Mage_Cms_IndexController->indexAction()
#43 /Users/Gert/Documents/gitProjects/koket/KoketSite/app/code/core/Mage/Core/Controller/Varien/Router/Standard.php(250): Mage_Core_Controller_Varien_Action->dispatch('index')
#44 /Users/Gert/Documents/gitProjects/koket/KoketSite/app/code/community/BalkeTechnologies/StoreMaintenance/Controller/Router/Standard.php(110): Mage_Core_Controller_Varien_Router_Standard->match(Object(Mage_Core_Controller_Request_Http))
#45 /Users/Gert/Documents/gitProjects/koket/KoketSite/app/code/core/Mage/Core/Controller/Varien/Front.php(172): BalkeTechnologies_StoreMaintenance_Controller_Router_Standard->match(Object(Mage_Core_Controller_Request_Http))
#46 /Users/Gert/Documents/gitProjects/koket/KoketSite/app/code/core/Mage/Core/Model/App.php(354): Mage_Core_Controller_Varien_Front->dispatch()
#47 /Users/Gert/Documents/gitProjects/koket/KoketSite/app/Mage.php(684): Mage_Core_Model_App->run(Array)
#48 /Users/Gert/Documents/gitProjects/koket/KoketSite/index.php(89): Mage::run('', 'store')
#49 {main}

Next exception 'Zend_Db_Statement_Exception' with message 'SQLSTATE[42S22]: Column not found: 1054 Unknown column 'e.category_ids' in 'where clause'' in /Users/Gert/Documents/gitProjects/koket/KoketSite/lib/Zend/Db/Statement/Pdo.php:234
Stack trace:
#0 /Users/Gert/Documents/gitProjects/koket/KoketSite/lib/Varien/Db/Statement/Pdo/Mysql.php(110): Zend_Db_Statement_Pdo->_execute(Array)
#1 /Users/Gert/Documents/gitProjects/koket/KoketSite/app/code/core/Zend/Db/Statement.php(291): Varien_Db_Statement_Pdo_Mysql->_execute(Array)
#2 /Users/Gert/Documents/gitProjects/koket/KoketSite/lib/Zend/Db/Adapter/Abstract.php(479): Zend_Db_Statement->execute(Array)
#3 /Users/Gert/Documents/gitProjects/koket/KoketSite/lib/Zend/Db/Adapter/Pdo/Abstract.php(238): Zend_Db_Adapter_Abstract->query('SELECT COUNT(DI...', Array)
#4 /Users/Gert/Documents/gitProjects/koket/KoketSite/lib/Varien/Db/Adapter/Pdo/Mysql.php(428): Zend_Db_Adapter_Pdo_Abstract->query('SELECT COUNT(DI...', Array)
#5 /Users/Gert/Documents/gitProjects/koket/KoketSite/lib/Zend/Db/Adapter/Abstract.php(825): Varien_Db_Adapter_Pdo_Mysql->query(Object(Varien_Db_Select), Array)
#6 /Users/Gert/Documents/gitProjects/koket/KoketSite/lib/Varien/Data/Collection/Db.php(225): Zend_Db_Adapter_Abstract->fetchOne(Object(Varien_Db_Select), Array)
#7 /Users/Gert/Documents/gitProjects/koket/KoketSite/lib/Varien/Data/Collection.php(225): Varien_Data_Collection_Db->getSize()
#8 /Users/Gert/Documents/gitProjects/koket/KoketSite/lib/Varien/Data/Collection.php(211): Varien_Data_Collection->getLastPageNumber()
#9 /Users/Gert/Documents/gitProjects/koket/KoketSite/app/code/core/Mage/Eav/Model/Entity/Collection/Abstract.php(1036): Varien_Data_Collection->getCurPage()
#10 /Users/Gert/Documents/gitProjects/koket/KoketSite/app/code/core/Mage/Eav/Model/Entity/Collection/Abstract.php(871): Mage_Eav_Model_Entity_Collection_Abstract->_loadEntities(false, false)
#11 /Users/Gert/Documents/gitProjects/koket/KoketSite/app/code/core/Mage/Review/Model/Observer.php(78): Mage_Eav_Model_Entity_Collection_Abstract->load()
#12 /Users/Gert/Documents/gitProjects/koket/KoketSite/app/code/core/Mage/Core/Model/App.php(1338): Mage_Review_Model_Observer->catalogBlockProductCollectionBeforeToHtml(Object(Varien_Event_Observer))
#13 /Users/Gert/Documents/gitProjects/koket/KoketSite/app/code/core/Mage/Core/Model/App.php(1311): Mage_Core_Model_App->_callObserverMethod(Object(Mage_Review_Model_Observer), 'catalogBlockPro...', Object(Varien_Event_Observer))
#14 /Users/Gert/Documents/gitProjects/koket/KoketSite/app/Mage.php(448): Mage_Core_Model_App->dispatchEvent('catalog_block_p...', Array)
#15 /Users/Gert/Documents/gitProjects/koket/KoketSite/app/code/core/Mage/Catalog/Block/Product/List.php(164): Mage::dispatchEvent('catalog_block_p...', Array)
#16 /Users/Gert/Documents/gitProjects/koket/KoketSite/app/code/core/Mage/Core/Block/Abstract.php(918): Mage_Catalog_Block_Product_List->_beforeToHtml()
#17 /Users/Gert/Documents/gitProjects/koket/KoketSite/app/code/core/Mage/Core/Model/Email/Template/Filter.php(191): Mage_Core_Block_Abstract->toHtml()
#18 [internal function]: Mage_Core_Model_Email_Template_Filter->blockDirective(Array)
#19 /Users/Gert/Documents/gitProjects/koket/KoketSite/lib/Varien/Filter/Template.php(134): call_user_func(Array, Array)
#20 /Users/Gert/Documents/gitProjects/koket/KoketSite/app/code/core/Mage/Core/Model/Email/Template/Filter.php(504): Varien_Filter_Template->filter('<div class="hom...')
#21 /Users/Gert/Documents/gitProjects/koket/KoketSite/app/code/core/Mage/Cms/Block/Page.php(101): Mage_Core_Model_Email_Template_Filter->filter('<div class="hom...')
#22 /Users/Gert/Documents/gitProjects/koket/KoketSite/app/code/core/Mage/Core/Block/Abstract.php(919): Mage_Cms_Block_Page->_toHtml()
#23 /Users/Gert/Documents/gitProjects/koket/KoketSite/app/code/core/Mage/Core/Block/Abstract.php(637): Mage_Core_Block_Abstract->toHtml()
#24 /Users/Gert/Documents/gitProjects/koket/KoketSite/app/code/core/Mage/Core/Block/Abstract.php(577): Mage_Core_Block_Abstract->_getChildHtml('cms_page', true)
#25 /Users/Gert/Documents/gitProjects/koket/KoketSite/app/code/core/Mage/Page/Block/Html/Wrapper.php(52): Mage_Core_Block_Abstract->getChildHtml('', true, true)
#26 /Users/Gert/Documents/gitProjects/koket/KoketSite/app/code/core/Mage/Core/Block/Abstract.php(919): Mage_Page_Block_Html_Wrapper->_toHtml()
#27 /Users/Gert/Documents/gitProjects/koket/KoketSite/app/code/core/Mage/Core/Block/Text/List.php(43): Mage_Core_Block_Abstract->toHtml()
#28 /Users/Gert/Documents/gitProjects/koket/KoketSite/app/code/core/Mage/Core/Block/Abstract.php(919): Mage_Core_Block_Text_List->_toHtml()
#29 /Users/Gert/Documents/gitProjects/koket/KoketSite/app/code/core/Mage/Core/Block/Abstract.php(637): Mage_Core_Block_Abstract->toHtml()
#30 /Users/Gert/Documents/gitProjects/koket/KoketSite/app/code/core/Mage/Core/Block/Abstract.php(581): Mage_Core_Block_Abstract->_getChildHtml('content', true)
#31 /Users/Gert/Documents/gitProjects/koket/KoketSite/app/design/frontend/shopper/default/template/page/1column.phtml(56): Mage_Core_Block_Abstract->getChildHtml('content')
#32 /Users/Gert/Documents/gitProjects/koket/KoketSite/app/code/core/Mage/Core/Block/Template.php(241): include('/Users/Gert/Doc...')
#33 /Users/Gert/Documents/gitProjects/koket/KoketSite/app/code/core/Mage/Core/Block/Template.php(272): Mage_Core_Block_Template->fetchView('frontend/shoppe...')
#34 /Users/Gert/Documents/gitProjects/koket/KoketSite/app/code/core/Mage/Core/Block/Template.php(286): Mage_Core_Block_Template->renderView()
#35 /Users/Gert/Documents/gitProjects/koket/KoketSite/app/code/core/Mage/Core/Block/Abstract.php(919): Mage_Core_Block_Template->_toHtml()
#36 /Users/Gert/Documents/gitProjects/koket/KoketSite/app/code/core/Mage/Core/Model/Layout.php(555): Mage_Core_Block_Abstract->toHtml()
#37 /Users/Gert/Documents/gitProjects/koket/KoketSite/app/code/core/Mage/Core/Controller/Varien/Action.php(390): Mage_Core_Model_Layout->getOutput()
#38 /Users/Gert/Documents/gitProjects/koket/KoketSite/app/code/core/Mage/Cms/Helper/Page.php(137): Mage_Core_Controller_Varien_Action->renderLayout()
#39 /Users/Gert/Documents/gitProjects/koket/KoketSite/app/code/core/Mage/Cms/Helper/Page.php(52): Mage_Cms_Helper_Page->_renderPage(Object(Mage_Cms_IndexController), 'shopper_home_2c...')
#40 /Users/Gert/Documents/gitProjects/koket/KoketSite/app/code/core/Mage/Cms/controllers/IndexController.php(45): Mage_Cms_Helper_Page->renderPage(Object(Mage_Cms_IndexController), 'shopper_home_2c...')
#41 /Users/Gert/Documents/gitProjects/koket/KoketSite/app/code/core/Mage/Core/Controller/Varien/Action.php(418): Mage_Cms_IndexController->indexAction()
#42 /Users/Gert/Documents/gitProjects/koket/KoketSite/app/code/core/Mage/Core/Controller/Varien/Router/Standard.php(250): Mage_Core_Controller_Varien_Action->dispatch('index')
#43 /Users/Gert/Documents/gitProjects/koket/KoketSite/app/code/community/BalkeTechnologies/StoreMaintenance/Controller/Router/Standard.php(110): Mage_Core_Controller_Varien_Router_Standard->match(Object(Mage_Core_Controller_Request_Http))
#44 /Users/Gert/Documents/gitProjects/koket/KoketSite/app/code/core/Mage/Core/Controller/Varien/Front.php(172): BalkeTechnologies_StoreMaintenance_Controller_Router_Standard->match(Object(Mage_Core_Controller_Request_Http))
#45 /Users/Gert/Documents/gitProjects/koket/KoketSite/app/code/core/Mage/Core/Model/App.php(354): Mage_Core_Controller_Varien_Front->dispatch()
#46 /Users/Gert/Documents/gitProjects/koket/KoketSite/app/Mage.php(684): Mage_Core_Model_App->run(Array)
#47 /Users/Gert/Documents/gitProjects/koket/KoketSite/index.php(89): Mage::run('', 'store')
#48 {main}
2014-12-17T19:04:20+00:00 ERR (3): 
exception 'Exception' with message 'Recoverable Error: Object of class Mage_CatalogInventory_Model_Stock_Item could not be converted to string  in /Users/Gert/Documents/gitProjects/koket/KoketSite/app/design/frontend/shopper/koket/template/catalog/product/view.phtml on line 207' in /Users/Gert/Documents/gitProjects/koket/KoketSite/app/code/core/Mage/Core/functions.php:245
Stack trace:
#0 /Users/Gert/Documents/gitProjects/koket/KoketSite/app/design/frontend/shopper/koket/template/catalog/product/view.phtml(207): mageCoreErrorHandler(4096, 'Object of class...', '/Users/Gert/Doc...', 207, Array)
#1 /Users/Gert/Documents/gitProjects/koket/KoketSite/app/code/core/Mage/Core/Block/Template.php(241): include('/Users/Gert/Doc...')
#2 /Users/Gert/Documents/gitProjects/koket/KoketSite/app/code/core/Mage/Core/Block/Template.php(272): Mage_Core_Block_Template->fetchView('frontend/shoppe...')
#3 /Users/Gert/Documents/gitProjects/koket/KoketSite/app/code/core/Mage/Core/Block/Template.php(286): Mage_Core_Block_Template->renderView()
#4 /Users/Gert/Documents/gitProjects/koket/KoketSite/app/code/core/Mage/Core/Block/Abstract.php(919): Mage_Core_Block_Template->_toHtml()
#5 /Users/Gert/Documents/gitProjects/koket/KoketSite/app/code/core/Mage/Core/Block/Text/List.php(43): Mage_Core_Block_Abstract->toHtml()
#6 /Users/Gert/Documents/gitProjects/koket/KoketSite/app/code/core/Mage/Core/Block/Abstract.php(919): Mage_Core_Block_Text_List->_toHtml()
#7 /Users/Gert/Documents/gitProjects/koket/KoketSite/app/code/core/Mage/Core/Block/Abstract.php(637): Mage_Core_Block_Abstract->toHtml()
#8 /Users/Gert/Documents/gitProjects/koket/KoketSite/app/code/core/Mage/Core/Block/Abstract.php(581): Mage_Core_Block_Abstract->_getChildHtml('content', true)
#9 /Users/Gert/Documents/gitProjects/koket/KoketSite/app/design/frontend/shopper/default/template/page/1column.phtml(56): Mage_Core_Block_Abstract->getChildHtml('content')
#10 /Users/Gert/Documents/gitProjects/koket/KoketSite/app/code/core/Mage/Core/Block/Template.php(241): include('/Users/Gert/Doc...')
#11 /Users/Gert/Documents/gitProjects/koket/KoketSite/app/code/core/Mage/Core/Block/Template.php(272): Mage_Core_Block_Template->fetchView('frontend/shoppe...')
#12 /Users/Gert/Documents/gitProjects/koket/KoketSite/app/code/core/Mage/Core/Block/Template.php(286): Mage_Core_Block_Template->renderView()
#13 /Users/Gert/Documents/gitProjects/koket/KoketSite/app/code/core/Mage/Core/Block/Abstract.php(919): Mage_Core_Block_Template->_toHtml()
#14 /Users/Gert/Documents/gitProjects/koket/KoketSite/app/code/core/Mage/Core/Model/Layout.php(555): Mage_Core_Block_Abstract->toHtml()
#15 /Users/Gert/Documents/gitProjects/koket/KoketSite/app/code/core/Mage/Core/Controller/Varien/Action.php(390): Mage_Core_Model_Layout->getOutput()
#16 /Users/Gert/Documents/gitProjects/koket/KoketSite/app/code/core/Mage/Catalog/Helper/Product/View.php(147): Mage_Core_Controller_Varien_Action->renderLayout()
#17 /Users/Gert/Documents/gitProjects/koket/KoketSite/app/code/core/Mage/Catalog/controllers/ProductController.php(132): Mage_Catalog_Helper_Product_View->prepareAndRender(1185, Object(Mage_Catalog_ProductController), Object(Varien_Object))
#18 /Users/Gert/Documents/gitProjects/koket/KoketSite/app/code/core/Mage/Core/Controller/Varien/Action.php(418): Mage_Catalog_ProductController->viewAction()
#19 /Users/Gert/Documents/gitProjects/koket/KoketSite/app/code/core/Mage/Core/Controller/Varien/Router/Standard.php(250): Mage_Core_Controller_Varien_Action->dispatch('view')
#20 /Users/Gert/Documents/gitProjects/koket/KoketSite/app/code/community/BalkeTechnologies/StoreMaintenance/Controller/Router/Standard.php(110): Mage_Core_Controller_Varien_Router_Standard->match(Object(Mage_Core_Controller_Request_Http))
#21 /Users/Gert/Documents/gitProjects/koket/KoketSite/app/code/core/Mage/Core/Controller/Varien/Front.php(172): BalkeTechnologies_StoreMaintenance_Controller_Router_Standard->match(Object(Mage_Core_Controller_Request_Http))
#22 /Users/Gert/Documents/gitProjects/koket/KoketSite/app/code/core/Mage/Core/Model/App.php(354): Mage_Core_Controller_Varien_Front->dispatch()
#23 /Users/Gert/Documents/gitProjects/koket/KoketSite/app/Mage.php(684): Mage_Core_Model_App->run(Array)
#24 /Users/Gert/Documents/gitProjects/koket/KoketSite/index.php(89): Mage::run('', 'store')
#25 {main}
2014-12-17T19:09:54+00:00 ERR (3): 
exception 'Exception' with message 'Notice: Undefined variable: product  in /Users/Gert/Documents/gitProjects/koket/KoketSite/app/design/frontend/shopper/koket/template/catalog/product/view.phtml on line 204' in /Users/Gert/Documents/gitProjects/koket/KoketSite/app/code/core/Mage/Core/functions.php:245
Stack trace:
#0 /Users/Gert/Documents/gitProjects/koket/KoketSite/app/design/frontend/shopper/koket/template/catalog/product/view.phtml(204): mageCoreErrorHandler(8, 'Undefined varia...', '/Users/Gert/Doc...', 204, Array)
#1 /Users/Gert/Documents/gitProjects/koket/KoketSite/app/code/core/Mage/Core/Block/Template.php(241): include('/Users/Gert/Doc...')
#2 /Users/Gert/Documents/gitProjects/koket/KoketSite/app/code/core/Mage/Core/Block/Template.php(272): Mage_Core_Block_Template->fetchView('frontend/shoppe...')
#3 /Users/Gert/Documents/gitProjects/koket/KoketSite/app/code/core/Mage/Core/Block/Template.php(286): Mage_Core_Block_Template->renderView()
#4 /Users/Gert/Documents/gitProjects/koket/KoketSite/app/code/core/Mage/Core/Block/Abstract.php(919): Mage_Core_Block_Template->_toHtml()
#5 /Users/Gert/Documents/gitProjects/koket/KoketSite/app/code/core/Mage/Core/Block/Text/List.php(43): Mage_Core_Block_Abstract->toHtml()
#6 /Users/Gert/Documents/gitProjects/koket/KoketSite/app/code/core/Mage/Core/Block/Abstract.php(919): Mage_Core_Block_Text_List->_toHtml()
#7 /Users/Gert/Documents/gitProjects/koket/KoketSite/app/code/core/Mage/Core/Block/Abstract.php(637): Mage_Core_Block_Abstract->toHtml()
#8 /Users/Gert/Documents/gitProjects/koket/KoketSite/app/code/core/Mage/Core/Block/Abstract.php(581): Mage_Core_Block_Abstract->_getChildHtml('content', true)
#9 /Users/Gert/Documents/gitProjects/koket/KoketSite/app/design/frontend/shopper/default/template/page/1column.phtml(56): Mage_Core_Block_Abstract->getChildHtml('content')
#10 /Users/Gert/Documents/gitProjects/koket/KoketSite/app/code/core/Mage/Core/Block/Template.php(241): include('/Users/Gert/Doc...')
#11 /Users/Gert/Documents/gitProjects/koket/KoketSite/app/code/core/Mage/Core/Block/Template.php(272): Mage_Core_Block_Template->fetchView('frontend/shoppe...')
#12 /Users/Gert/Documents/gitProjects/koket/KoketSite/app/code/core/Mage/Core/Block/Template.php(286): Mage_Core_Block_Template->renderView()
#13 /Users/Gert/Documents/gitProjects/koket/KoketSite/app/code/core/Mage/Core/Block/Abstract.php(919): Mage_Core_Block_Template->_toHtml()
#14 /Users/Gert/Documents/gitProjects/koket/KoketSite/app/code/core/Mage/Core/Model/Layout.php(555): Mage_Core_Block_Abstract->toHtml()
#15 /Users/Gert/Documents/gitProjects/koket/KoketSite/app/code/core/Mage/Core/Controller/Varien/Action.php(390): Mage_Core_Model_Layout->getOutput()
#16 /Users/Gert/Documents/gitProjects/koket/KoketSite/app/code/core/Mage/Catalog/Helper/Product/View.php(147): Mage_Core_Controller_Varien_Action->renderLayout()
#17 /Users/Gert/Documents/gitProjects/koket/KoketSite/app/code/core/Mage/Catalog/controllers/ProductController.php(132): Mage_Catalog_Helper_Product_View->prepareAndRender(1185, Object(Mage_Catalog_ProductController), Object(Varien_Object))
#18 /Users/Gert/Documents/gitProjects/koket/KoketSite/app/code/core/Mage/Core/Controller/Varien/Action.php(418): Mage_Catalog_ProductController->viewAction()
#19 /Users/Gert/Documents/gitProjects/koket/KoketSite/app/code/core/Mage/Core/Controller/Varien/Router/Standard.php(250): Mage_Core_Controller_Varien_Action->dispatch('view')
#20 /Users/Gert/Documents/gitProjects/koket/KoketSite/app/code/community/BalkeTechnologies/StoreMaintenance/Controller/Router/Standard.php(110): Mage_Core_Controller_Varien_Router_Standard->match(Object(Mage_Core_Controller_Request_Http))
#21 /Users/Gert/Documents/gitProjects/koket/KoketSite/app/code/core/Mage/Core/Controller/Varien/Front.php(172): BalkeTechnologies_StoreMaintenance_Controller_Router_Standard->match(Object(Mage_Core_Controller_Request_Http))
#22 /Users/Gert/Documents/gitProjects/koket/KoketSite/app/code/core/Mage/Core/Model/App.php(354): Mage_Core_Controller_Varien_Front->dispatch()
#23 /Users/Gert/Documents/gitProjects/koket/KoketSite/app/Mage.php(684): Mage_Core_Model_App->run(Array)
#24 /Users/Gert/Documents/gitProjects/koket/KoketSite/index.php(89): Mage::run('', 'store')
#25 {main}
2014-12-17T19:15:40+00:00 ERR (3): 
exception 'Exception' with message 'Recoverable Error: Object of class Mage_CatalogInventory_Model_Stock_Item could not be converted to string  in /Users/Gert/Documents/gitProjects/koket/KoketSite/app/design/frontend/shopper/koket/template/catalog/product/view.phtml on line 205' in /Users/Gert/Documents/gitProjects/koket/KoketSite/app/code/core/Mage/Core/functions.php:245
Stack trace:
#0 /Users/Gert/Documents/gitProjects/koket/KoketSite/app/design/frontend/shopper/koket/template/catalog/product/view.phtml(205): mageCoreErrorHandler(4096, 'Object of class...', '/Users/Gert/Doc...', 205, Array)
#1 /Users/Gert/Documents/gitProjects/koket/KoketSite/app/code/core/Mage/Core/Block/Template.php(241): include('/Users/Gert/Doc...')
#2 /Users/Gert/Documents/gitProjects/koket/KoketSite/app/code/core/Mage/Core/Block/Template.php(272): Mage_Core_Block_Template->fetchView('frontend/shoppe...')
#3 /Users/Gert/Documents/gitProjects/koket/KoketSite/app/code/core/Mage/Core/Block/Template.php(286): Mage_Core_Block_Template->renderView()
#4 /Users/Gert/Documents/gitProjects/koket/KoketSite/app/code/core/Mage/Core/Block/Abstract.php(919): Mage_Core_Block_Template->_toHtml()
#5 /Users/Gert/Documents/gitProjects/koket/KoketSite/app/code/core/Mage/Core/Block/Text/List.php(43): Mage_Core_Block_Abstract->toHtml()
#6 /Users/Gert/Documents/gitProjects/koket/KoketSite/app/code/core/Mage/Core/Block/Abstract.php(919): Mage_Core_Block_Text_List->_toHtml()
#7 /Users/Gert/Documents/gitProjects/koket/KoketSite/app/code/core/Mage/Core/Block/Abstract.php(637): Mage_Core_Block_Abstract->toHtml()
#8 /Users/Gert/Documents/gitProjects/koket/KoketSite/app/code/core/Mage/Core/Block/Abstract.php(581): Mage_Core_Block_Abstract->_getChildHtml('content', true)
#9 /Users/Gert/Documents/gitProjects/koket/KoketSite/app/design/frontend/shopper/default/template/page/1column.phtml(56): Mage_Core_Block_Abstract->getChildHtml('content')
#10 /Users/Gert/Documents/gitProjects/koket/KoketSite/app/code/core/Mage/Core/Block/Template.php(241): include('/Users/Gert/Doc...')
#11 /Users/Gert/Documents/gitProjects/koket/KoketSite/app/code/core/Mage/Core/Block/Template.php(272): Mage_Core_Block_Template->fetchView('frontend/shoppe...')
#12 /Users/Gert/Documents/gitProjects/koket/KoketSite/app/code/core/Mage/Core/Block/Template.php(286): Mage_Core_Block_Template->renderView()
#13 /Users/Gert/Documents/gitProjects/koket/KoketSite/app/code/core/Mage/Core/Block/Abstract.php(919): Mage_Core_Block_Template->_toHtml()
#14 /Users/Gert/Documents/gitProjects/koket/KoketSite/app/code/core/Mage/Core/Model/Layout.php(555): Mage_Core_Block_Abstract->toHtml()
#15 /Users/Gert/Documents/gitProjects/koket/KoketSite/app/code/core/Mage/Core/Controller/Varien/Action.php(390): Mage_Core_Model_Layout->getOutput()
#16 /Users/Gert/Documents/gitProjects/koket/KoketSite/app/code/core/Mage/Catalog/Helper/Product/View.php(147): Mage_Core_Controller_Varien_Action->renderLayout()
#17 /Users/Gert/Documents/gitProjects/koket/KoketSite/app/code/core/Mage/Catalog/controllers/ProductController.php(132): Mage_Catalog_Helper_Product_View->prepareAndRender(1186, Object(Mage_Catalog_ProductController), Object(Varien_Object))
#18 /Users/Gert/Documents/gitProjects/koket/KoketSite/app/code/core/Mage/Core/Controller/Varien/Action.php(418): Mage_Catalog_ProductController->viewAction()
#19 /Users/Gert/Documents/gitProjects/koket/KoketSite/app/code/core/Mage/Core/Controller/Varien/Router/Standard.php(250): Mage_Core_Controller_Varien_Action->dispatch('view')
#20 /Users/Gert/Documents/gitProjects/koket/KoketSite/app/code/community/BalkeTechnologies/StoreMaintenance/Controller/Router/Standard.php(110): Mage_Core_Controller_Varien_Router_Standard->match(Object(Mage_Core_Controller_Request_Http))
#21 /Users/Gert/Documents/gitProjects/koket/KoketSite/app/code/core/Mage/Core/Controller/Varien/Front.php(172): BalkeTechnologies_StoreMaintenance_Controller_Router_Standard->match(Object(Mage_Core_Controller_Request_Http))
#22 /Users/Gert/Documents/gitProjects/koket/KoketSite/app/code/core/Mage/Core/Model/App.php(354): Mage_Core_Controller_Varien_Front->dispatch()
#23 /Users/Gert/Documents/gitProjects/koket/KoketSite/app/Mage.php(684): Mage_Core_Model_App->run(Array)
#24 /Users/Gert/Documents/gitProjects/koket/KoketSite/index.php(89): Mage::run('', 'store')
#25 {main}
2014-12-17T19:16:11+00:00 ERR (3): 
exception 'Exception' with message 'Recoverable Error: Object of class Mage_CatalogInventory_Model_Stock_Item could not be converted to string  in /Users/Gert/Documents/gitProjects/koket/KoketSite/app/design/frontend/shopper/koket/template/catalog/product/view.phtml on line 205' in /Users/Gert/Documents/gitProjects/koket/KoketSite/app/code/core/Mage/Core/functions.php:245
Stack trace:
#0 /Users/Gert/Documents/gitProjects/koket/KoketSite/app/design/frontend/shopper/koket/template/catalog/product/view.phtml(205): mageCoreErrorHandler(4096, 'Object of class...', '/Users/Gert/Doc...', 205, Array)
#1 /Users/Gert/Documents/gitProjects/koket/KoketSite/app/code/core/Mage/Core/Block/Template.php(241): include('/Users/Gert/Doc...')
#2 /Users/Gert/Documents/gitProjects/koket/KoketSite/app/code/core/Mage/Core/Block/Template.php(272): Mage_Core_Block_Template->fetchView('frontend/shoppe...')
#3 /Users/Gert/Documents/gitProjects/koket/KoketSite/app/code/core/Mage/Core/Block/Template.php(286): Mage_Core_Block_Template->renderView()
#4 /Users/Gert/Documents/gitProjects/koket/KoketSite/app/code/core/Mage/Core/Block/Abstract.php(919): Mage_Core_Block_Template->_toHtml()
#5 /Users/Gert/Documents/gitProjects/koket/KoketSite/app/code/core/Mage/Core/Block/Text/List.php(43): Mage_Core_Block_Abstract->toHtml()
#6 /Users/Gert/Documents/gitProjects/koket/KoketSite/app/code/core/Mage/Core/Block/Abstract.php(919): Mage_Core_Block_Text_List->_toHtml()
#7 /Users/Gert/Documents/gitProjects/koket/KoketSite/app/code/core/Mage/Core/Block/Abstract.php(637): Mage_Core_Block_Abstract->toHtml()
#8 /Users/Gert/Documents/gitProjects/koket/KoketSite/app/code/core/Mage/Core/Block/Abstract.php(581): Mage_Core_Block_Abstract->_getChildHtml('content', true)
#9 /Users/Gert/Documents/gitProjects/koket/KoketSite/app/design/frontend/shopper/default/template/page/1column.phtml(56): Mage_Core_Block_Abstract->getChildHtml('content')
#10 /Users/Gert/Documents/gitProjects/koket/KoketSite/app/code/core/Mage/Core/Block/Template.php(241): include('/Users/Gert/Doc...')
#11 /Users/Gert/Documents/gitProjects/koket/KoketSite/app/code/core/Mage/Core/Block/Template.php(272): Mage_Core_Block_Template->fetchView('frontend/shoppe...')
#12 /Users/Gert/Documents/gitProjects/koket/KoketSite/app/code/core/Mage/Core/Block/Template.php(286): Mage_Core_Block_Template->renderView()
#13 /Users/Gert/Documents/gitProjects/koket/KoketSite/app/code/core/Mage/Core/Block/Abstract.php(919): Mage_Core_Block_Template->_toHtml()
#14 /Users/Gert/Documents/gitProjects/koket/KoketSite/app/code/core/Mage/Core/Model/Layout.php(555): Mage_Core_Block_Abstract->toHtml()
#15 /Users/Gert/Documents/gitProjects/koket/KoketSite/app/code/core/Mage/Core/Controller/Varien/Action.php(390): Mage_Core_Model_Layout->getOutput()
#16 /Users/Gert/Documents/gitProjects/koket/KoketSite/app/code/core/Mage/Catalog/Helper/Product/View.php(147): Mage_Core_Controller_Varien_Action->renderLayout()
#17 /Users/Gert/Documents/gitProjects/koket/KoketSite/app/code/core/Mage/Catalog/controllers/ProductController.php(132): Mage_Catalog_Helper_Product_View->prepareAndRender(1186, Object(Mage_Catalog_ProductController), Object(Varien_Object))
#18 /Users/Gert/Documents/gitProjects/koket/KoketSite/app/code/core/Mage/Core/Controller/Varien/Action.php(418): Mage_Catalog_ProductController->viewAction()
#19 /Users/Gert/Documents/gitProjects/koket/KoketSite/app/code/core/Mage/Core/Controller/Varien/Router/Standard.php(250): Mage_Core_Controller_Varien_Action->dispatch('view')
#20 /Users/Gert/Documents/gitProjects/koket/KoketSite/app/code/community/BalkeTechnologies/StoreMaintenance/Controller/Router/Standard.php(110): Mage_Core_Controller_Varien_Router_Standard->match(Object(Mage_Core_Controller_Request_Http))
#21 /Users/Gert/Documents/gitProjects/koket/KoketSite/app/code/core/Mage/Core/Controller/Varien/Front.php(172): BalkeTechnologies_StoreMaintenance_Controller_Router_Standard->match(Object(Mage_Core_Controller_Request_Http))
#22 /Users/Gert/Documents/gitProjects/koket/KoketSite/app/code/core/Mage/Core/Model/App.php(354): Mage_Core_Controller_Varien_Front->dispatch()
#23 /Users/Gert/Documents/gitProjects/koket/KoketSite/app/Mage.php(684): Mage_Core_Model_App->run(Array)
#24 /Users/Gert/Documents/gitProjects/koket/KoketSite/index.php(89): Mage::run('', 'store')
#25 {main}
2014-12-17T19:16:17+00:00 ERR (3): 
exception 'Exception' with message 'Recoverable Error: Object of class Mage_CatalogInventory_Model_Stock_Item could not be converted to string  in /Users/Gert/Documents/gitProjects/koket/KoketSite/app/design/frontend/shopper/koket/template/catalog/product/view.phtml on line 205' in /Users/Gert/Documents/gitProjects/koket/KoketSite/app/code/core/Mage/Core/functions.php:245
Stack trace:
#0 /Users/Gert/Documents/gitProjects/koket/KoketSite/app/design/frontend/shopper/koket/template/catalog/product/view.phtml(205): mageCoreErrorHandler(4096, 'Object of class...', '/Users/Gert/Doc...', 205, Array)
#1 /Users/Gert/Documents/gitProjects/koket/KoketSite/app/code/core/Mage/Core/Block/Template.php(241): include('/Users/Gert/Doc...')
#2 /Users/Gert/Documents/gitProjects/koket/KoketSite/app/code/core/Mage/Core/Block/Template.php(272): Mage_Core_Block_Template->fetchView('frontend/shoppe...')
#3 /Users/Gert/Documents/gitProjects/koket/KoketSite/app/code/core/Mage/Core/Block/Template.php(286): Mage_Core_Block_Template->renderView()
#4 /Users/Gert/Documents/gitProjects/koket/KoketSite/app/code/core/Mage/Core/Block/Abstract.php(919): Mage_Core_Block_Template->_toHtml()
#5 /Users/Gert/Documents/gitProjects/koket/KoketSite/app/code/core/Mage/Core/Block/Text/List.php(43): Mage_Core_Block_Abstract->toHtml()
#6 /Users/Gert/Documents/gitProjects/koket/KoketSite/app/code/core/Mage/Core/Block/Abstract.php(919): Mage_Core_Block_Text_List->_toHtml()
#7 /Users/Gert/Documents/gitProjects/koket/KoketSite/app/code/core/Mage/Core/Block/Abstract.php(637): Mage_Core_Block_Abstract->toHtml()
#8 /Users/Gert/Documents/gitProjects/koket/KoketSite/app/code/core/Mage/Core/Block/Abstract.php(581): Mage_Core_Block_Abstract->_getChildHtml('content', true)
#9 /Users/Gert/Documents/gitProjects/koket/KoketSite/app/design/frontend/shopper/default/template/page/1column.phtml(56): Mage_Core_Block_Abstract->getChildHtml('content')
#10 /Users/Gert/Documents/gitProjects/koket/KoketSite/app/code/core/Mage/Core/Block/Template.php(241): include('/Users/Gert/Doc...')
#11 /Users/Gert/Documents/gitProjects/koket/KoketSite/app/code/core/Mage/Core/Block/Template.php(272): Mage_Core_Block_Template->fetchView('frontend/shoppe...')
#12 /Users/Gert/Documents/gitProjects/koket/KoketSite/app/code/core/Mage/Core/Block/Template.php(286): Mage_Core_Block_Template->renderView()
#13 /Users/Gert/Documents/gitProjects/koket/KoketSite/app/code/core/Mage/Core/Block/Abstract.php(919): Mage_Core_Block_Template->_toHtml()
#14 /Users/Gert/Documents/gitProjects/koket/KoketSite/app/code/core/Mage/Core/Model/Layout.php(555): Mage_Core_Block_Abstract->toHtml()
#15 /Users/Gert/Documents/gitProjects/koket/KoketSite/app/code/core/Mage/Core/Controller/Varien/Action.php(390): Mage_Core_Model_Layout->getOutput()
#16 /Users/Gert/Documents/gitProjects/koket/KoketSite/app/code/core/Mage/Catalog/Helper/Product/View.php(147): Mage_Core_Controller_Varien_Action->renderLayout()
#17 /Users/Gert/Documents/gitProjects/koket/KoketSite/app/code/core/Mage/Catalog/controllers/ProductController.php(132): Mage_Catalog_Helper_Product_View->prepareAndRender(1186, Object(Mage_Catalog_ProductController), Object(Varien_Object))
#18 /Users/Gert/Documents/gitProjects/koket/KoketSite/app/code/core/Mage/Core/Controller/Varien/Action.php(418): Mage_Catalog_ProductController->viewAction()
#19 /Users/Gert/Documents/gitProjects/koket/KoketSite/app/code/core/Mage/Core/Controller/Varien/Router/Standard.php(250): Mage_Core_Controller_Varien_Action->dispatch('view')
#20 /Users/Gert/Documents/gitProjects/koket/KoketSite/app/code/community/BalkeTechnologies/StoreMaintenance/Controller/Router/Standard.php(110): Mage_Core_Controller_Varien_Router_Standard->match(Object(Mage_Core_Controller_Request_Http))
#21 /Users/Gert/Documents/gitProjects/koket/KoketSite/app/code/core/Mage/Core/Controller/Varien/Front.php(172): BalkeTechnologies_StoreMaintenance_Controller_Router_Standard->match(Object(Mage_Core_Controller_Request_Http))
#22 /Users/Gert/Documents/gitProjects/koket/KoketSite/app/code/core/Mage/Core/Model/App.php(354): Mage_Core_Controller_Varien_Front->dispatch()
#23 /Users/Gert/Documents/gitProjects/koket/KoketSite/app/Mage.php(684): Mage_Core_Model_App->run(Array)
#24 /Users/Gert/Documents/gitProjects/koket/KoketSite/index.php(89): Mage::run('', 'store')
#25 {main}
2014-12-17T19:17:53+00:00 ERR (3): 
exception 'Exception' with message 'Recoverable Error: Object of class Mage_CatalogInventory_Model_Stock_Item could not be converted to string  in /Users/Gert/Documents/gitProjects/koket/KoketSite/app/design/frontend/shopper/koket/template/catalog/product/view.phtml on line 205' in /Users/Gert/Documents/gitProjects/koket/KoketSite/app/code/core/Mage/Core/functions.php:245
Stack trace:
#0 /Users/Gert/Documents/gitProjects/koket/KoketSite/app/design/frontend/shopper/koket/template/catalog/product/view.phtml(205): mageCoreErrorHandler(4096, 'Object of class...', '/Users/Gert/Doc...', 205, Array)
#1 /Users/Gert/Documents/gitProjects/koket/KoketSite/app/code/core/Mage/Core/Block/Template.php(241): include('/Users/Gert/Doc...')
#2 /Users/Gert/Documents/gitProjects/koket/KoketSite/app/code/core/Mage/Core/Block/Template.php(272): Mage_Core_Block_Template->fetchView('frontend/shoppe...')
#3 /Users/Gert/Documents/gitProjects/koket/KoketSite/app/code/core/Mage/Core/Block/Template.php(286): Mage_Core_Block_Template->renderView()
#4 /Users/Gert/Documents/gitProjects/koket/KoketSite/app/code/core/Mage/Core/Block/Abstract.php(919): Mage_Core_Block_Template->_toHtml()
#5 /Users/Gert/Documents/gitProjects/koket/KoketSite/app/code/core/Mage/Core/Block/Text/List.php(43): Mage_Core_Block_Abstract->toHtml()
#6 /Users/Gert/Documents/gitProjects/koket/KoketSite/app/code/core/Mage/Core/Block/Abstract.php(919): Mage_Core_Block_Text_List->_toHtml()
#7 /Users/Gert/Documents/gitProjects/koket/KoketSite/app/code/core/Mage/Core/Block/Abstract.php(637): Mage_Core_Block_Abstract->toHtml()
#8 /Users/Gert/Documents/gitProjects/koket/KoketSite/app/code/core/Mage/Core/Block/Abstract.php(581): Mage_Core_Block_Abstract->_getChildHtml('content', true)
#9 /Users/Gert/Documents/gitProjects/koket/KoketSite/app/design/frontend/shopper/default/template/page/1column.phtml(56): Mage_Core_Block_Abstract->getChildHtml('content')
#10 /Users/Gert/Documents/gitProjects/koket/KoketSite/app/code/core/Mage/Core/Block/Template.php(241): include('/Users/Gert/Doc...')
#11 /Users/Gert/Documents/gitProjects/koket/KoketSite/app/code/core/Mage/Core/Block/Template.php(272): Mage_Core_Block_Template->fetchView('frontend/shoppe...')
#12 /Users/Gert/Documents/gitProjects/koket/KoketSite/app/code/core/Mage/Core/Block/Template.php(286): Mage_Core_Block_Template->renderView()
#13 /Users/Gert/Documents/gitProjects/koket/KoketSite/app/code/core/Mage/Core/Block/Abstract.php(919): Mage_Core_Block_Template->_toHtml()
#14 /Users/Gert/Documents/gitProjects/koket/KoketSite/app/code/core/Mage/Core/Model/Layout.php(555): Mage_Core_Block_Abstract->toHtml()
#15 /Users/Gert/Documents/gitProjects/koket/KoketSite/app/code/core/Mage/Core/Controller/Varien/Action.php(390): Mage_Core_Model_Layout->getOutput()
#16 /Users/Gert/Documents/gitProjects/koket/KoketSite/app/code/core/Mage/Catalog/Helper/Product/View.php(147): Mage_Core_Controller_Varien_Action->renderLayout()
#17 /Users/Gert/Documents/gitProjects/koket/KoketSite/app/code/core/Mage/Catalog/controllers/ProductController.php(132): Mage_Catalog_Helper_Product_View->prepareAndRender(1186, Object(Mage_Catalog_ProductController), Object(Varien_Object))
#18 /Users/Gert/Documents/gitProjects/koket/KoketSite/app/code/core/Mage/Core/Controller/Varien/Action.php(418): Mage_Catalog_ProductController->viewAction()
#19 /Users/Gert/Documents/gitProjects/koket/KoketSite/app/code/core/Mage/Core/Controller/Varien/Router/Standard.php(250): Mage_Core_Controller_Varien_Action->dispatch('view')
#20 /Users/Gert/Documents/gitProjects/koket/KoketSite/app/code/community/BalkeTechnologies/StoreMaintenance/Controller/Router/Standard.php(110): Mage_Core_Controller_Varien_Router_Standard->match(Object(Mage_Core_Controller_Request_Http))
#21 /Users/Gert/Documents/gitProjects/koket/KoketSite/app/code/core/Mage/Core/Controller/Varien/Front.php(172): BalkeTechnologies_StoreMaintenance_Controller_Router_Standard->match(Object(Mage_Core_Controller_Request_Http))
#22 /Users/Gert/Documents/gitProjects/koket/KoketSite/app/code/core/Mage/Core/Model/App.php(354): Mage_Core_Controller_Varien_Front->dispatch()
#23 /Users/Gert/Documents/gitProjects/koket/KoketSite/app/Mage.php(684): Mage_Core_Model_App->run(Array)
#24 /Users/Gert/Documents/gitProjects/koket/KoketSite/index.php(89): Mage::run('', 'store')
#25 {main}
2014-12-17T19:19:30+00:00 ERR (3): 
exception 'Exception' with message 'Recoverable Error: Object of class Mage_CatalogInventory_Model_Stock_Item could not be converted to string  in /Users/Gert/Documents/gitProjects/koket/KoketSite/app/design/frontend/shopper/koket/template/catalog/product/view.phtml on line 205' in /Users/Gert/Documents/gitProjects/koket/KoketSite/app/code/core/Mage/Core/functions.php:245
Stack trace:
#0 /Users/Gert/Documents/gitProjects/koket/KoketSite/app/design/frontend/shopper/koket/template/catalog/product/view.phtml(205): mageCoreErrorHandler(4096, 'Object of class...', '/Users/Gert/Doc...', 205, Array)
#1 /Users/Gert/Documents/gitProjects/koket/KoketSite/app/code/core/Mage/Core/Block/Template.php(241): include('/Users/Gert/Doc...')
#2 /Users/Gert/Documents/gitProjects/koket/KoketSite/app/code/core/Mage/Core/Block/Template.php(272): Mage_Core_Block_Template->fetchView('frontend/shoppe...')
#3 /Users/Gert/Documents/gitProjects/koket/KoketSite/app/code/core/Mage/Core/Block/Template.php(286): Mage_Core_Block_Template->renderView()
#4 /Users/Gert/Documents/gitProjects/koket/KoketSite/app/code/core/Mage/Core/Block/Abstract.php(919): Mage_Core_Block_Template->_toHtml()
#5 /Users/Gert/Documents/gitProjects/koket/KoketSite/app/code/core/Mage/Core/Block/Text/List.php(43): Mage_Core_Block_Abstract->toHtml()
#6 /Users/Gert/Documents/gitProjects/koket/KoketSite/app/code/core/Mage/Core/Block/Abstract.php(919): Mage_Core_Block_Text_List->_toHtml()
#7 /Users/Gert/Documents/gitProjects/koket/KoketSite/app/code/core/Mage/Core/Block/Abstract.php(637): Mage_Core_Block_Abstract->toHtml()
#8 /Users/Gert/Documents/gitProjects/koket/KoketSite/app/code/core/Mage/Core/Block/Abstract.php(581): Mage_Core_Block_Abstract->_getChildHtml('content', true)
#9 /Users/Gert/Documents/gitProjects/koket/KoketSite/app/design/frontend/shopper/default/template/page/1column.phtml(56): Mage_Core_Block_Abstract->getChildHtml('content')
#10 /Users/Gert/Documents/gitProjects/koket/KoketSite/app/code/core/Mage/Core/Block/Template.php(241): include('/Users/Gert/Doc...')
#11 /Users/Gert/Documents/gitProjects/koket/KoketSite/app/code/core/Mage/Core/Block/Template.php(272): Mage_Core_Block_Template->fetchView('frontend/shoppe...')
#12 /Users/Gert/Documents/gitProjects/koket/KoketSite/app/code/core/Mage/Core/Block/Template.php(286): Mage_Core_Block_Template->renderView()
#13 /Users/Gert/Documents/gitProjects/koket/KoketSite/app/code/core/Mage/Core/Block/Abstract.php(919): Mage_Core_Block_Template->_toHtml()
#14 /Users/Gert/Documents/gitProjects/koket/KoketSite/app/code/core/Mage/Core/Model/Layout.php(555): Mage_Core_Block_Abstract->toHtml()
#15 /Users/Gert/Documents/gitProjects/koket/KoketSite/app/code/core/Mage/Core/Controller/Varien/Action.php(390): Mage_Core_Model_Layout->getOutput()
#16 /Users/Gert/Documents/gitProjects/koket/KoketSite/app/code/core/Mage/Catalog/Helper/Product/View.php(147): Mage_Core_Controller_Varien_Action->renderLayout()
#17 /Users/Gert/Documents/gitProjects/koket/KoketSite/app/code/core/Mage/Catalog/controllers/ProductController.php(132): Mage_Catalog_Helper_Product_View->prepareAndRender(1185, Object(Mage_Catalog_ProductController), Object(Varien_Object))
#18 /Users/Gert/Documents/gitProjects/koket/KoketSite/app/code/core/Mage/Core/Controller/Varien/Action.php(418): Mage_Catalog_ProductController->viewAction()
#19 /Users/Gert/Documents/gitProjects/koket/KoketSite/app/code/core/Mage/Core/Controller/Varien/Router/Standard.php(250): Mage_Core_Controller_Varien_Action->dispatch('view')
#20 /Users/Gert/Documents/gitProjects/koket/KoketSite/app/code/community/BalkeTechnologies/StoreMaintenance/Controller/Router/Standard.php(110): Mage_Core_Controller_Varien_Router_Standard->match(Object(Mage_Core_Controller_Request_Http))
#21 /Users/Gert/Documents/gitProjects/koket/KoketSite/app/code/core/Mage/Core/Controller/Varien/Front.php(172): BalkeTechnologies_StoreMaintenance_Controller_Router_Standard->match(Object(Mage_Core_Controller_Request_Http))
#22 /Users/Gert/Documents/gitProjects/koket/KoketSite/app/code/core/Mage/Core/Model/App.php(354): Mage_Core_Controller_Varien_Front->dispatch()
#23 /Users/Gert/Documents/gitProjects/koket/KoketSite/app/Mage.php(684): Mage_Core_Model_App->run(Array)
#24 /Users/Gert/Documents/gitProjects/koket/KoketSite/index.php(89): Mage::run('', 'store')
#25 {main}
