2014-08-25T19:51:08+00:00 CRIT (2): Not valid template file:frontend/base/default/template/rewardpointsbehavior/share.phtml
2014-08-25T19:51:21+00:00 CRIT (2): Not valid template file:frontend/base/default/template/rewardpointsbehavior/share.phtml
2014-08-25T19:51:33+00:00 CRIT (2): Not valid template file:frontend/base/default/template/rewardpointsbehavior/share.phtml
2014-08-25T19:57:03+00:00 CRIT (2): Not valid template file:frontend/base/default/template/rewardpointsbehavior/share.phtml
2014-08-25T20:31:13+00:00 CRIT (2): Not valid template file:frontend/base/default/template/rewardpointsbehavior/share.phtml
2014-08-25T20:31:26+00:00 CRIT (2): Not valid template file:frontend/base/default/template/rewardpointsbehavior/share.phtml
2014-08-25T20:46:31+00:00 CRIT (2): Not valid template file:frontend/base/default/template/rewardpointsbehavior/share.phtml
2014-08-25T20:48:38+00:00 CRIT (2): Not valid template file:frontend/base/default/template/rewardpointsbehavior/share.phtml
2014-08-25T21:31:55+00:00 CRIT (2): Not valid template file:frontend/base/default/template/rewardpointsbehavior/share.phtml
2014-08-25T21:33:23+00:00 CRIT (2): Not valid template file:frontend/base/default/template/rewardpointsbehavior/share.phtml
2014-08-25T21:35:35+00:00 CRIT (2): Not valid template file:frontend/base/default/template/rewardpointsbehavior/share.phtml
2014-08-25T21:42:11+00:00 CRIT (2): Not valid template file:frontend/base/default/template/rewardpointsbehavior/share.phtml
2014-08-25T21:48:51+00:00 CRIT (2): Not valid template file:frontend/base/default/template/rewardpointsbehavior/share.phtml
2014-08-25T21:49:03+00:00 CRIT (2): Not valid template file:frontend/base/default/template/rewardpointsbehavior/share.phtml
2014-08-25T21:49:03+00:00 CRIT (2): Not valid template file:frontend/base/default/template/rewardpointsbehavior/share.phtml
2014-08-26T08:42:57+00:00 CRIT (2): Not valid template file:frontend/base/default/template/rewardpointsbehavior/share.phtml
2014-08-26T12:18:17+00:00 CRIT (2): Not valid template file:frontend/base/default/template/rewardpointsbehavior/share.phtml
2014-08-26T15:51:48+00:00 CRIT (2): Not valid template file:frontend/base/default/template/rewardpointsbehavior/share.phtml
2014-08-26T15:53:49+00:00 CRIT (2): Not valid template file:frontend/base/default/template/rewardpointsbehavior/share.phtml
2014-08-26T16:58:23+00:00 CRIT (2): Not valid template file:frontend/base/default/template/rewardpointsbehavior/share.phtml
2014-08-26T17:25:47+00:00 CRIT (2): Not valid template file:frontend/base/default/template/rewardpointsbehavior/share.phtml
2014-08-26T17:27:42+00:00 CRIT (2): Not valid template file:frontend/base/default/template/rewardpointsbehavior/share.phtml
2014-08-27T12:15:10+00:00 CRIT (2): Not valid template file:frontend/base/default/template/rewardpointsbehavior/share.phtml
2014-08-27T12:16:32+00:00 CRIT (2): Not valid template file:frontend/base/default/template/rewardpointsbehavior/share.phtml
2014-08-27T18:30:41+00:00 CRIT (2): Not valid template file:frontend/base/default/template/rewardpointsbehavior/share.phtml
2014-08-27T18:33:07+00:00 CRIT (2): Not valid template file:frontend/base/default/template/rewardpointsbehavior/share.phtml
2014-08-28T08:33:28+00:00 CRIT (2): Not valid template file:frontend/base/default/template/rewardpointsbehavior/share.phtml
2014-08-28T08:41:04+00:00 CRIT (2): Not valid template file:frontend/base/default/template/rewardpointsbehavior/share.phtml
2014-08-28T11:05:08+00:00 CRIT (2): Not valid template file:frontend/base/default/template/rewardpointsbehavior/share.phtml
2014-08-28T11:08:39+00:00 CRIT (2): Not valid template file:frontend/base/default/template/rewardpointsbehavior/share.phtml
2014-08-28T11:08:44+00:00 CRIT (2): Not valid template file:frontend/base/default/template/rewardpointsbehavior/share.phtml
2014-08-28T21:16:33+00:00 CRIT (2): Not valid template file:frontend/base/default/template/rewardpointsbehavior/share.phtml
2014-08-28T21:40:20+00:00 CRIT (2): Not valid template file:frontend/base/default/template/rewardpointsbehavior/share.phtml
2014-08-29T09:52:40+00:00 CRIT (2): Not valid template file:frontend/base/default/template/rewardpointsbehavior/share.phtml
2014-08-29T09:57:12+00:00 DEBUG (7): HEADERS ALREADY SENT: <pre>[0] /Users/Gert/Documents/gitProjects/koket/KoketSite/app/code/core/Mage/Core/Controller/Response/Http.php:52
[1] /Users/Gert/Documents/gitProjects/koket/KoketSite/lib/Zend/Controller/Response/Abstract.php:766
[2] /Users/Gert/Documents/gitProjects/koket/KoketSite/app/code/core/Mage/Core/Controller/Response/Http.php:83
[3] /Users/Gert/Documents/gitProjects/koket/KoketSite/app/code/core/Mage/Core/Controller/Varien/Front.php:184
[4] /Users/Gert/Documents/gitProjects/koket/KoketSite/app/code/core/Mage/Core/Model/App.php:354
[5] /Users/Gert/Documents/gitProjects/koket/KoketSite/app/Mage.php:684
[6] /Users/Gert/Documents/gitProjects/koket/KoketSite/index.php:89
</pre>
2014-08-29T09:58:20+00:00 DEBUG (7): HEADERS ALREADY SENT: <pre>[0] /Users/Gert/Documents/gitProjects/koket/KoketSite/app/code/core/Mage/Core/Controller/Response/Http.php:52
[1] /Users/Gert/Documents/gitProjects/koket/KoketSite/lib/Zend/Controller/Response/Abstract.php:766
[2] /Users/Gert/Documents/gitProjects/koket/KoketSite/app/code/core/Mage/Core/Controller/Response/Http.php:83
[3] /Users/Gert/Documents/gitProjects/koket/KoketSite/app/code/core/Mage/Core/Controller/Varien/Front.php:184
[4] /Users/Gert/Documents/gitProjects/koket/KoketSite/app/code/core/Mage/Core/Model/App.php:354
[5] /Users/Gert/Documents/gitProjects/koket/KoketSite/app/Mage.php:684
[6] /Users/Gert/Documents/gitProjects/koket/KoketSite/index.php:89
</pre>
2014-08-29T10:02:18+00:00 CRIT (2): Not valid template file:frontend/base/default/template/rewardpointsbehavior/share.phtml
2014-08-29T10:03:00+00:00 CRIT (2): Not valid template file:frontend/base/default/template/rewardpointsbehavior/share.phtml
2014-08-29T10:03:27+00:00 CRIT (2): Not valid template file:frontend/base/default/template/rewardpointsbehavior/share.phtml
2014-08-29T10:03:33+00:00 CRIT (2): Not valid template file:frontend/base/default/template/rewardpointsbehavior/share.phtml
2014-08-29T10:05:12+00:00 CRIT (2): Not valid template file:frontend/base/default/template/rewardpointsbehavior/share.phtml
2014-08-29T10:06:14+00:00 CRIT (2): Not valid template file:frontend/base/default/template/rewardpointsbehavior/share.phtml
2014-08-29T10:07:31+00:00 CRIT (2): Not valid template file:frontend/base/default/template/rewardpointsbehavior/share.phtml
